{"/home/travis/build/npmtest/node-npmtest-selenium-standalone/test.js":{"path":"/home/travis/build/npmtest/node-npmtest-selenium-standalone/test.js","s":{"1":2,"2":2,"3":2,"4":2,"5":2,"6":2,"7":2,"8":1,"9":2,"10":2,"11":1,"12":1,"13":1,"14":1,"15":2,"16":2,"17":2,"18":2,"19":1,"20":1,"21":2,"22":2,"23":2,"24":1,"25":1,"26":1,"27":1,"28":1,"29":1,"30":1,"31":1,"32":1,"33":1,"34":1,"35":1,"36":1,"37":1,"38":1,"39":2,"40":2,"41":1,"42":2,"43":2,"44":1,"45":2,"46":2,"47":1,"48":2,"49":2,"50":1,"51":1,"52":1,"53":1,"54":1},"b":{"1":[2,1,1,1],"2":[1,1,1,1],"3":[1,1],"4":[1,1],"5":[1,1],"6":[1,1],"7":[1,1],"8":[1,1],"9":[1,1],"10":[1,1,1],"11":[1,1],"12":[1,1],"13":[1,1],"14":[1,1],"15":[1,1],"16":[1,1],"17":[1,1]},"f":{"1":2,"2":2,"3":2,"4":2,"5":2,"6":1,"7":1,"8":1,"9":2,"10":2,"11":2,"12":2,"13":1},"fnMap":{"1":{"name":"(anonymous_1)","line":12,"loc":{"start":{"line":12,"column":1},"end":{"line":12,"column":13}}},"2":{"name":"(anonymous_2)","line":19,"loc":{"start":{"line":19,"column":5},"end":{"line":19,"column":17}}},"3":{"name":"(anonymous_3)","line":23,"loc":{"start":{"line":23,"column":24},"end":{"line":23,"column":36}}},"4":{"name":"(anonymous_4)","line":61,"loc":{"start":{"line":61,"column":5},"end":{"line":61,"column":17}}},"5":{"name":"(anonymous_5)","line":82,"loc":{"start":{"line":82,"column":5},"end":{"line":82,"column":17}}},"6":{"name":"(anonymous_6)","line":91,"loc":{"start":{"line":91,"column":77},"end":{"line":94,"column":10}}},"7":{"name":"(anonymous_7)","line":112,"loc":{"start":{"line":112,"column":83},"end":{"line":115,"column":10}},"skip":true},"8":{"name":"(anonymous_8)","line":123,"loc":{"start":{"line":123,"column":77},"end":{"line":126,"column":10}},"skip":true},"9":{"name":"(anonymous_9)","line":139,"loc":{"start":{"line":139,"column":12},"end":{"line":139,"column":40}},"skip":true},"10":{"name":"(anonymous_10)","line":147,"loc":{"start":{"line":147,"column":77},"end":{"line":150,"column":10}},"skip":true},"11":{"name":"(anonymous_11)","line":158,"loc":{"start":{"line":158,"column":83},"end":{"line":161,"column":10}},"skip":true},"12":{"name":"(anonymous_12)","line":169,"loc":{"start":{"line":169,"column":79},"end":{"line":172,"column":10}},"skip":true},"13":{"name":"(anonymous_13)","line":180,"loc":{"start":{"line":180,"column":75},"end":{"line":183,"column":10}},"skip":true}},"statementMap":{"1":{"start":{"line":12,"column":0},"end":{"line":195,"column":5}},"2":{"start":{"line":14,"column":4},"end":{"line":14,"column":14}},"3":{"start":{"line":19,"column":4},"end":{"line":56,"column":9}},"4":{"start":{"line":21,"column":8},"end":{"line":21,"column":19}},"5":{"start":{"line":23,"column":8},"end":{"line":35,"column":13}},"6":{"start":{"line":24,"column":12},"end":{"line":34,"column":13}},"7":{"start":{"line":25,"column":16},"end":{"line":28,"column":30}},"8":{"start":{"line":30,"column":16},"end":{"line":33,"column":27}},"9":{"start":{"line":37,"column":8},"end":{"line":39,"column":21}},"10":{"start":{"line":40,"column":8},"end":{"line":53,"column":9}},"11":{"start":{"line":43,"column":12},"end":{"line":46,"column":14}},"12":{"start":{"line":47,"column":12},"end":{"line":47,"column":18}},"13":{"start":{"line":50,"column":12},"end":{"line":51,"column":46}},"14":{"start":{"line":52,"column":12},"end":{"line":52,"column":18}},"15":{"start":{"line":55,"column":8},"end":{"line":55,"column":35}},"16":{"start":{"line":61,"column":4},"end":{"line":63,"column":9}},"17":{"start":{"line":62,"column":8},"end":{"line":62,"column":15}},"18":{"start":{"line":64,"column":4},"end":{"line":77,"column":5}},"19":{"start":{"line":70,"column":8},"end":{"line":70,"column":14}},"20":{"start":{"line":76,"column":8},"end":{"line":76,"column":14}},"21":{"start":{"line":82,"column":4},"end":{"line":84,"column":9}},"22":{"start":{"line":83,"column":8},"end":{"line":83,"column":15}},"23":{"start":{"line":85,"column":4},"end":{"line":194,"column":5}},"24":{"start":{"line":91,"column":8},"end":{"line":99,"column":10}},"25":{"start":{"line":98,"column":12},"end":{"line":98,"column":35}},"26":{"start":{"line":102,"column":8},"end":{"line":104,"column":63}},"27":{"start":{"line":105,"column":8},"end":{"line":105,"column":14}},"28":{"start":{"line":112,"column":8},"end":{"line":121,"column":10},"skip":true},"29":{"start":{"line":119,"column":12},"end":{"line":119,"column":55},"skip":true},"30":{"start":{"line":120,"column":12},"end":{"line":120,"column":48},"skip":true},"31":{"start":{"line":123,"column":8},"end":{"line":136,"column":10},"skip":true},"32":{"start":{"line":130,"column":12},"end":{"line":130,"column":76},"skip":true},"33":{"start":{"line":131,"column":12},"end":{"line":131,"column":73},"skip":true},"34":{"start":{"line":132,"column":12},"end":{"line":132,"column":74},"skip":true},"35":{"start":{"line":133,"column":12},"end":{"line":133,"column":79},"skip":true},"36":{"start":{"line":134,"column":12},"end":{"line":134,"column":25},"skip":true},"37":{"start":{"line":135,"column":12},"end":{"line":135,"column":45},"skip":true},"38":{"start":{"line":138,"column":8},"end":{"line":145,"column":14},"skip":true},"39":{"start":{"line":143,"column":16},"end":{"line":143,"column":29},"skip":true},"40":{"start":{"line":144,"column":16},"end":{"line":144,"column":55},"skip":true},"41":{"start":{"line":147,"column":8},"end":{"line":156,"column":10},"skip":true},"42":{"start":{"line":154,"column":12},"end":{"line":154,"column":25},"skip":true},"43":{"start":{"line":155,"column":12},"end":{"line":155,"column":45},"skip":true},"44":{"start":{"line":158,"column":8},"end":{"line":167,"column":10},"skip":true},"45":{"start":{"line":165,"column":12},"end":{"line":165,"column":25},"skip":true},"46":{"start":{"line":166,"column":12},"end":{"line":166,"column":48},"skip":true},"47":{"start":{"line":169,"column":8},"end":{"line":178,"column":10},"skip":true},"48":{"start":{"line":176,"column":12},"end":{"line":176,"column":25},"skip":true},"49":{"start":{"line":177,"column":12},"end":{"line":177,"column":46},"skip":true},"50":{"start":{"line":180,"column":8},"end":{"line":189,"column":10},"skip":true},"51":{"start":{"line":187,"column":12},"end":{"line":187,"column":94},"skip":true},"52":{"start":{"line":188,"column":12},"end":{"line":188,"column":48},"skip":true},"53":{"start":{"line":192,"column":8},"end":{"line":192,"column":35},"skip":true},"54":{"start":{"line":193,"column":8},"end":{"line":193,"column":14},"skip":true}},"branchMap":{"1":{"line":25,"type":"binary-expr","locations":[{"start":{"line":25,"column":23},"end":{"line":25,"column":62}},{"start":{"line":26,"column":20},"end":{"line":26,"column":70}},{"start":{"line":27,"column":20},"end":{"line":27,"column":71}},{"start":{"line":28,"column":20},"end":{"line":28,"column":29}}]},"2":{"line":30,"type":"binary-expr","locations":[{"start":{"line":30,"column":23},"end":{"line":30,"column":37}},{"start":{"line":31,"column":20},"end":{"line":31,"column":61}},{"start":{"line":32,"column":20},"end":{"line":32,"column":70}},{"start":{"line":33,"column":20},"end":{"line":33,"column":26}}]},"3":{"line":37,"type":"cond-expr","locations":[{"start":{"line":38,"column":14},"end":{"line":38,"column":20}},{"start":{"line":39,"column":14},"end":{"line":39,"column":20}}]},"4":{"line":40,"type":"switch","locations":[{"start":{"line":42,"column":8},"end":{"line":47,"column":18}},{"start":{"line":49,"column":8},"end":{"line":52,"column":18}}]},"5":{"line":44,"type":"binary-expr","locations":[{"start":{"line":44,"column":16},"end":{"line":44,"column":44}},{"start":{"line":44,"column":48},"end":{"line":44,"column":66}}]},"6":{"line":50,"type":"binary-expr","locations":[{"start":{"line":50,"column":21},"end":{"line":50,"column":49}},{"start":{"line":50,"column":53},"end":{"line":50,"column":72}}]},"7":{"line":64,"type":"switch","locations":[{"start":{"line":69,"column":4},"end":{"line":70,"column":14}},{"start":{"line":75,"column":4},"end":{"line":76,"column":14}}]},"8":{"line":85,"type":"switch","locations":[{"start":{"line":90,"column":4},"end":{"line":105,"column":14}},{"start":{"line":111,"column":4},"end":{"line":193,"column":14},"skip":true}]},"9":{"line":91,"type":"binary-expr","locations":[{"start":{"line":91,"column":42},"end":{"line":91,"column":73}},{"start":{"line":91,"column":77},"end":{"line":99,"column":9}}]},"10":{"line":102,"type":"binary-expr","locations":[{"start":{"line":102,"column":18},"end":{"line":102,"column":32}},{"start":{"line":103,"column":12},"end":{"line":103,"column":53}},{"start":{"line":104,"column":12},"end":{"line":104,"column":61}}]},"11":{"line":112,"type":"binary-expr","locations":[{"start":{"line":112,"column":45},"end":{"line":112,"column":79},"skip":true},{"start":{"line":112,"column":83},"end":{"line":121,"column":9},"skip":true}]},"12":{"line":123,"type":"binary-expr","locations":[{"start":{"line":123,"column":42},"end":{"line":123,"column":73},"skip":true},{"start":{"line":123,"column":77},"end":{"line":136,"column":9},"skip":true}]},"13":{"line":138,"type":"binary-expr","locations":[{"start":{"line":138,"column":48},"end":{"line":138,"column":85},"skip":true},{"start":{"line":139,"column":12},"end":{"line":145,"column":13},"skip":true}]},"14":{"line":147,"type":"binary-expr","locations":[{"start":{"line":147,"column":42},"end":{"line":147,"column":73},"skip":true},{"start":{"line":147,"column":77},"end":{"line":156,"column":9},"skip":true}]},"15":{"line":158,"type":"binary-expr","locations":[{"start":{"line":158,"column":45},"end":{"line":158,"column":79},"skip":true},{"start":{"line":158,"column":83},"end":{"line":167,"column":9},"skip":true}]},"16":{"line":169,"type":"binary-expr","locations":[{"start":{"line":169,"column":43},"end":{"line":169,"column":75},"skip":true},{"start":{"line":169,"column":79},"end":{"line":178,"column":9},"skip":true}]},"17":{"line":180,"type":"binary-expr","locations":[{"start":{"line":180,"column":41},"end":{"line":180,"column":71},"skip":true},{"start":{"line":180,"column":75},"end":{"line":189,"column":9},"skip":true}]}},"code":["/* istanbul instrument in package npmtest_selenium_standalone */","/*jslint","    bitwise: true,","    browser: true,","    maxerr: 8,","    maxlen: 96,","    node: true,","    nomen: true,","    regexp: true,","    stupid: true","*/","(function () {","    'use strict';","    var local;","","","","    // run shared js-env code - pre-init","    (function () {","        // init local","        local = {};","        // init modeJs","        local.modeJs = (function () {","            try {","                return typeof navigator.userAgent === 'string' &&","                    typeof document.querySelector('body') === 'object' &&","                    typeof XMLHttpRequest.prototype.open === 'function' &&","                    'browser';","            } catch (errorCaughtBrowser) {","                return module.exports &&","                    typeof process.versions.node === 'string' &&","                    typeof require('http').createServer === 'function' &&","                    'node';","            }","        }());","        // init global","        local.global = local.modeJs === 'browser'","            ? window","            : global;","        switch (local.modeJs) {","        // re-init local from window.local","        case 'browser':","            local = local.global.utility2.objectSetDefault(","                local.global.utility2_rollup || local.global.local,","                local.global.utility2","            );","            break;","        // re-init local from example.js","        case 'node':","            local = (local.global.utility2_rollup || require('utility2'))","                .requireExampleJsFromReadme();","            break;","        }","        // export local","        local.global.local = local;","    }());","","","","    // run shared js-env code - function","    (function () {","        return;","    }());","    switch (local.modeJs) {","","","","    // run browser js-env code - function","    case 'browser':","        break;","","","","    // run node js-env code - function","    case 'node':","        break;","    }","","","","    // run shared js-env code - post-init","    (function () {","        return;","    }());","    switch (local.modeJs) {","","","","    // run browser js-env code - post-init","    case 'browser':","        local.testCase_browser_nullCase = local.testCase_browser_nullCase || function (","            options,","            onError","        ) {","        /*","         * this function will test browsers's null-case handling-behavior-behavior","         */","            onError(null, options);","        };","","        // run tests","        local.nop(local.modeTest &&","            document.querySelector('#testRunButton1') &&","            document.querySelector('#testRunButton1').click());","        break;","","","","    // run node js-env code - post-init","    /* istanbul ignore next */","    case 'node':","        local.testCase_buildApidoc_default = local.testCase_buildApidoc_default || function (","            options,","            onError","        ) {","        /*","         * this function will test buildApidoc's default handling-behavior-behavior","         */","            options = { modulePathList: module.paths };","            local.buildApidoc(options, onError);","        };","","        local.testCase_buildApp_default = local.testCase_buildApp_default || function (","            options,","            onError","        ) {","        /*","         * this function will test buildApp's default handling-behavior-behavior","         */","            local.testCase_buildReadme_default(options, local.onErrorThrow);","            local.testCase_buildLib_default(options, local.onErrorThrow);","            local.testCase_buildTest_default(options, local.onErrorThrow);","            local.testCase_buildCustomOrg_default(options, local.onErrorThrow);","            options = [];","            local.buildApp(options, onError);","        };","","        local.testCase_buildCustomOrg_default = local.testCase_buildCustomOrg_default ||","            function (options, onError) {","            /*","             * this function will test buildCustomOrg's default handling-behavior","             */","                options = {};","                local.buildCustomOrg(options, onError);","            };","","        local.testCase_buildLib_default = local.testCase_buildLib_default || function (","            options,","            onError","        ) {","        /*","         * this function will test buildLib's default handling-behavior","         */","            options = {};","            local.buildLib(options, onError);","        };","","        local.testCase_buildReadme_default = local.testCase_buildReadme_default || function (","            options,","            onError","        ) {","        /*","         * this function will test buildReadme's default handling-behavior-behavior","         */","            options = {};","            local.buildReadme(options, onError);","        };","","        local.testCase_buildTest_default = local.testCase_buildTest_default || function (","            options,","            onError","        ) {","        /*","         * this function will test buildTest's default handling-behavior","         */","            options = {};","            local.buildTest(options, onError);","        };","","        local.testCase_webpage_default = local.testCase_webpage_default || function (","            options,","            onError","        ) {","        /*","         * this function will test webpage's default handling-behavior","         */","            options = { modeCoverageMerge: true, url: local.serverLocalHost + '?modeTest=1' };","            local.browserTest(options, onError);","        };","","        // run test-server","        local.testRunServer(local);","        break;","    }","}());",""],"l":{"12":2,"14":2,"19":2,"21":2,"23":2,"24":2,"25":2,"30":1,"37":2,"40":2,"43":1,"47":1,"50":1,"52":1,"55":2,"61":2,"62":2,"64":2,"70":1,"76":1,"82":2,"83":2,"85":2,"91":1,"98":1,"102":1,"105":1,"112":1,"119":1,"120":1,"123":1,"130":1,"131":1,"132":1,"133":1,"134":1,"135":1,"138":1,"143":2,"144":2,"147":1,"154":2,"155":2,"158":1,"165":2,"166":2,"169":1,"176":2,"177":2,"180":1,"187":1,"188":1,"192":1,"193":1}},"/home/travis/build/npmtest/node-npmtest-selenium-standalone/lib.npmtest_selenium_standalone.js":{"path":"/home/travis/build/npmtest/node-npmtest-selenium-standalone/lib.npmtest_selenium_standalone.js","s":{"1":2,"2":2,"3":2,"4":2,"5":2,"6":2,"7":2,"8":1,"9":2,"10":2,"11":2,"12":2,"13":1,"14":1,"15":1,"16":1},"b":{"1":[2,1,1,1],"2":[1,1,1,1],"3":[1,1],"4":[2,2],"5":[1,1]},"f":{"1":2,"2":2,"3":2},"fnMap":{"1":{"name":"(anonymous_1)","line":12,"loc":{"start":{"line":12,"column":1},"end":{"line":12,"column":13}}},"2":{"name":"(anonymous_2)","line":19,"loc":{"start":{"line":19,"column":5},"end":{"line":19,"column":17}}},"3":{"name":"(anonymous_3)","line":23,"loc":{"start":{"line":23,"column":24},"end":{"line":23,"column":36}}}},"statementMap":{"1":{"start":{"line":12,"column":0},"end":{"line":53,"column":5}},"2":{"start":{"line":14,"column":4},"end":{"line":14,"column":14}},"3":{"start":{"line":19,"column":4},"end":{"line":52,"column":9}},"4":{"start":{"line":21,"column":8},"end":{"line":21,"column":19}},"5":{"start":{"line":23,"column":8},"end":{"line":35,"column":13}},"6":{"start":{"line":24,"column":12},"end":{"line":34,"column":13}},"7":{"start":{"line":25,"column":16},"end":{"line":28,"column":30}},"8":{"start":{"line":30,"column":16},"end":{"line":33,"column":27}},"9":{"start":{"line":37,"column":8},"end":{"line":39,"column":21}},"10":{"start":{"line":41,"column":8},"end":{"line":41,"column":54}},"11":{"start":{"line":43,"column":8},"end":{"line":43,"column":64}},"12":{"start":{"line":45,"column":8},"end":{"line":51,"column":9}},"13":{"start":{"line":46,"column":12},"end":{"line":46,"column":70}},"14":{"start":{"line":48,"column":12},"end":{"line":48,"column":35}},"15":{"start":{"line":49,"column":12},"end":{"line":49,"column":49}},"16":{"start":{"line":50,"column":12},"end":{"line":50,"column":43}}},"branchMap":{"1":{"line":25,"type":"binary-expr","locations":[{"start":{"line":25,"column":23},"end":{"line":25,"column":62}},{"start":{"line":26,"column":20},"end":{"line":26,"column":70}},{"start":{"line":27,"column":20},"end":{"line":27,"column":71}},{"start":{"line":28,"column":20},"end":{"line":28,"column":29}}]},"2":{"line":30,"type":"binary-expr","locations":[{"start":{"line":30,"column":23},"end":{"line":30,"column":37}},{"start":{"line":31,"column":20},"end":{"line":31,"column":61}},{"start":{"line":32,"column":20},"end":{"line":32,"column":70}},{"start":{"line":33,"column":20},"end":{"line":33,"column":26}}]},"3":{"line":37,"type":"cond-expr","locations":[{"start":{"line":38,"column":14},"end":{"line":38,"column":20}},{"start":{"line":39,"column":14},"end":{"line":39,"column":20}}]},"4":{"line":41,"type":"binary-expr","locations":[{"start":{"line":41,"column":16},"end":{"line":41,"column":44}},{"start":{"line":41,"column":48},"end":{"line":41,"column":53}}]},"5":{"line":45,"type":"if","locations":[{"start":{"line":45,"column":8},"end":{"line":45,"column":8}},{"start":{"line":45,"column":8},"end":{"line":45,"column":8}}]}},"code":["/* istanbul instrument in package npmtest_selenium_standalone */","/*jslint","    bitwise: true,","    browser: true,","    maxerr: 8,","    maxlen: 96,","    node: true,","    nomen: true,","    regexp: true,","    stupid: true","*/","(function () {","    'use strict';","    var local;","","","","    // run shared js-env code - pre-init","    (function () {","        // init local","        local = {};","        // init modeJs","        local.modeJs = (function () {","            try {","                return typeof navigator.userAgent === 'string' &&","                    typeof document.querySelector('body') === 'object' &&","                    typeof XMLHttpRequest.prototype.open === 'function' &&","                    'browser';","            } catch (errorCaughtBrowser) {","                return module.exports &&","                    typeof process.versions.node === 'string' &&","                    typeof require('http').createServer === 'function' &&","                    'node';","            }","        }());","        // init global","        local.global = local.modeJs === 'browser'","            ? window","            : global;","        // init utility2_rollup","        local = local.global.utility2_rollup || local;","        // init lib","        local.local = local.npmtest_selenium_standalone = local;","        // init exports","        if (local.modeJs === 'browser') {","            local.global.utility2_npmtest_selenium_standalone = local;","        } else {","            module.exports = local;","            module.exports.__dirname = __dirname;","            module.exports.module = module;","        }","    }());","}());",""],"l":{"12":2,"14":2,"19":2,"21":2,"23":2,"24":2,"25":2,"30":1,"37":2,"41":2,"43":2,"45":2,"46":1,"48":1,"49":1,"50":1}},"/home/travis/build/npmtest/node-npmtest-selenium-standalone/example.js":{"path":"/home/travis/build/npmtest/node-npmtest-selenium-standalone/example.js","s":{"1":2,"2":2,"3":2,"4":2,"5":2,"6":2,"7":2,"8":1,"9":2,"10":2,"11":2,"12":2,"13":1,"14":2,"15":2,"16":2,"17":2,"18":2,"19":0,"20":2,"21":1,"22":1,"23":1,"24":1,"25":1,"26":0,"27":0,"28":1,"29":1,"30":2,"31":0,"32":0,"33":0,"34":1,"35":2,"36":2,"37":3,"38":3,"39":3,"40":3,"41":0,"42":3,"43":3,"44":3,"45":1,"46":3,"47":1,"48":1,"49":1,"50":1,"51":1,"52":1,"53":1,"54":1,"55":1,"56":1,"57":0,"58":1,"59":6,"60":6,"61":1,"62":2,"63":0,"64":2,"65":1,"66":1,"67":0,"68":0,"69":0,"70":0,"71":0,"72":0,"73":0,"74":0,"75":0,"76":0,"77":0,"78":0,"79":0,"80":0,"81":0,"82":0,"83":0},"b":{"1":[2,1,1,1],"2":[1,1,1,1],"3":[1,1],"4":[2,2],"5":[1,1],"6":[1,1],"7":[2,0],"8":[2,1,1,1,1,1],"9":[0,2,0],"10":[1,1],"11":[2,1,1],"12":[1,0],"13":[0,2],"14":[2,0,0,0,0,0,0],"15":[0,3],"16":[3,0],"17":[1,1],"18":[0,1],"19":[1,2,0,2],"20":[1,0],"21":[1,1],"22":[0,0],"23":[0,0],"24":[0,0],"25":[0,0],"26":[0,0],"27":[0,0],"28":[0,0]},"f":{"1":2,"2":2,"3":2,"4":2,"5":2,"6":2,"7":3,"8":3,"9":3,"10":1,"11":6,"12":0},"fnMap":{"1":{"name":"(anonymous_1)","line":26,"loc":{"start":{"line":26,"column":1},"end":{"line":26,"column":13}}},"2":{"name":"(anonymous_2)","line":33,"loc":{"start":{"line":33,"column":5},"end":{"line":33,"column":17}}},"3":{"name":"(anonymous_3)","line":37,"loc":{"start":{"line":37,"column":24},"end":{"line":37,"column":36}}},"4":{"name":"(anonymous_4)","line":69,"loc":{"start":{"line":69,"column":31},"end":{"line":69,"column":48}},"skip":true},"5":{"name":"(anonymous_5)","line":78,"loc":{"start":{"line":78,"column":26},"end":{"line":78,"column":45}},"skip":true},"6":{"name":"(anonymous_6)","line":123,"loc":{"start":{"line":123,"column":33},"end":{"line":123,"column":48}},"skip":true},"7":{"name":"(anonymous_7)","line":125,"loc":{"start":{"line":125,"column":27},"end":{"line":125,"column":39}},"skip":true},"8":{"name":"(anonymous_8)","line":133,"loc":{"start":{"line":133,"column":59},"end":{"line":133,"column":74}},"skip":true},"9":{"name":"(anonymous_9)","line":143,"loc":{"start":{"line":143,"column":45},"end":{"line":143,"column":62}},"skip":true},"10":{"name":"(anonymous_10)","line":144,"loc":{"start":{"line":144,"column":73},"end":{"line":144,"column":92}},"skip":true},"11":{"name":"(anonymous_11)","line":272,"loc":{"start":{"line":272,"column":51},"end":{"line":272,"column":77}},"skip":true},"12":{"name":"(anonymous_12)","line":315,"loc":{"start":{"line":315,"column":32},"end":{"line":315,"column":61}},"skip":true}},"statementMap":{"1":{"start":{"line":26,"column":0},"end":{"line":326,"column":5}},"2":{"start":{"line":28,"column":4},"end":{"line":28,"column":14}},"3":{"start":{"line":33,"column":4},"end":{"line":60,"column":9}},"4":{"start":{"line":35,"column":8},"end":{"line":35,"column":19}},"5":{"start":{"line":37,"column":8},"end":{"line":49,"column":13}},"6":{"start":{"line":38,"column":12},"end":{"line":48,"column":13}},"7":{"start":{"line":39,"column":16},"end":{"line":42,"column":30}},"8":{"start":{"line":44,"column":16},"end":{"line":47,"column":27}},"9":{"start":{"line":51,"column":8},"end":{"line":53,"column":21}},"10":{"start":{"line":55,"column":8},"end":{"line":57,"column":45}},"11":{"start":{"line":59,"column":8},"end":{"line":59,"column":35}},"12":{"start":{"line":61,"column":4},"end":{"line":325,"column":5}},"13":{"start":{"line":69,"column":8},"end":{"line":121,"column":10},"skip":true},"14":{"start":{"line":70,"column":12},"end":{"line":88,"column":13},"skip":true},"15":{"start":{"line":76,"column":16},"end":{"line":87,"column":19},"skip":true},"16":{"start":{"line":79,"column":20},"end":{"line":86,"column":21},"skip":true},"17":{"start":{"line":82,"column":24},"end":{"line":82,"column":43},"skip":true},"18":{"start":{"line":83,"column":24},"end":{"line":83,"column":30},"skip":true},"19":{"start":{"line":85,"column":24},"end":{"line":85,"column":49},"skip":true},"20":{"start":{"line":89,"column":12},"end":{"line":107,"column":13},"skip":true},"21":{"start":{"line":92,"column":16},"end":{"line":102,"column":17},"skip":true},"22":{"start":{"line":93,"column":20},"end":{"line":93,"column":86},"skip":true},"23":{"start":{"line":94,"column":20},"end":{"line":95,"column":45},"skip":true},"24":{"start":{"line":96,"column":20},"end":{"line":96,"column":42},"skip":true},"25":{"start":{"line":97,"column":20},"end":{"line":97,"column":48},"skip":true},"26":{"start":{"line":100,"column":20},"end":{"line":100,"column":85},"skip":true},"27":{"start":{"line":101,"column":20},"end":{"line":101,"column":96},"skip":true},"28":{"start":{"line":103,"column":16},"end":{"line":103,"column":22},"skip":true},"29":{"start":{"line":106,"column":16},"end":{"line":106,"column":22},"skip":true},"30":{"start":{"line":108,"column":12},"end":{"line":120,"column":13},"skip":true},"31":{"start":{"line":114,"column":16},"end":{"line":119,"column":17},"skip":true},"32":{"start":{"line":116,"column":20},"end":{"line":116,"column":78},"skip":true},"33":{"start":{"line":118,"column":20},"end":{"line":118,"column":47},"skip":true},"34":{"start":{"line":123,"column":8},"end":{"line":141,"column":11},"skip":true},"35":{"start":{"line":124,"column":12},"end":{"line":124,"column":54},"skip":true},"36":{"start":{"line":125,"column":12},"end":{"line":140,"column":14},"skip":true},"37":{"start":{"line":126,"column":16},"end":{"line":126,"column":28},"skip":true},"38":{"start":{"line":127,"column":16},"end":{"line":127,"column":69},"skip":true},"39":{"start":{"line":128,"column":16},"end":{"line":128,"column":75},"skip":true},"40":{"start":{"line":129,"column":16},"end":{"line":131,"column":17},"skip":true},"41":{"start":{"line":130,"column":20},"end":{"line":130,"column":27},"skip":true},"42":{"start":{"line":133,"column":16},"end":{"line":137,"column":36},"skip":true},"43":{"start":{"line":134,"column":20},"end":{"line":136,"column":55},"skip":true},"44":{"start":{"line":139,"column":16},"end":{"line":139,"column":57},"skip":true},"45":{"start":{"line":143,"column":8},"end":{"line":147,"column":11},"skip":true},"46":{"start":{"line":144,"column":12},"end":{"line":146,"column":15},"skip":true},"47":{"start":{"line":145,"column":16},"end":{"line":145,"column":70},"skip":true},"48":{"start":{"line":149,"column":8},"end":{"line":149,"column":31},"skip":true},"49":{"start":{"line":150,"column":8},"end":{"line":150,"column":14},"skip":true},"50":{"start":{"line":158,"column":8},"end":{"line":158,"column":31},"skip":true},"51":{"start":{"line":160,"column":8},"end":{"line":160,"column":33},"skip":true},"52":{"start":{"line":161,"column":8},"end":{"line":161,"column":37},"skip":true},"53":{"start":{"line":162,"column":8},"end":{"line":162,"column":35},"skip":true},"54":{"start":{"line":164,"column":8},"end":{"line":164,"column":50},"skip":true},"55":{"start":{"line":166,"column":8},"end":{"line":256,"column":2},"skip":true},"56":{"start":{"line":258,"column":8},"end":{"line":286,"column":9},"skip":true},"57":{"start":{"line":259,"column":12},"end":{"line":269,"column":14},"skip":true},"58":{"start":{"line":271,"column":12},"end":{"line":285,"column":19},"skip":true},"59":{"start":{"line":274,"column":20},"end":{"line":274,"column":35},"skip":true},"60":{"start":{"line":275,"column":20},"end":{"line":284,"column":21},"skip":true},"61":{"start":{"line":277,"column":24},"end":{"line":277,"column":64},"skip":true},"62":{"start":{"line":279,"column":24},"end":{"line":279,"column":40},"skip":true},"63":{"start":{"line":281,"column":24},"end":{"line":281,"column":40},"skip":true},"64":{"start":{"line":283,"column":24},"end":{"line":283,"column":39},"skip":true},"65":{"start":{"line":288,"column":8},"end":{"line":290,"column":9},"skip":true},"66":{"start":{"line":289,"column":12},"end":{"line":289,"column":18},"skip":true},"67":{"start":{"line":291,"column":8},"end":{"line":293,"column":54},"skip":true},"68":{"start":{"line":296,"column":8},"end":{"line":301,"column":37},"skip":true},"69":{"start":{"line":303,"column":8},"end":{"line":303,"column":82},"skip":true},"70":{"start":{"line":306,"column":8},"end":{"line":308,"column":9},"skip":true},"71":{"start":{"line":307,"column":12},"end":{"line":307,"column":82},"skip":true},"72":{"start":{"line":310,"column":8},"end":{"line":312,"column":9},"skip":true},"73":{"start":{"line":311,"column":12},"end":{"line":311,"column":18},"skip":true},"74":{"start":{"line":313,"column":8},"end":{"line":313,"column":54},"skip":true},"75":{"start":{"line":314,"column":8},"end":{"line":314,"column":69},"skip":true},"76":{"start":{"line":315,"column":8},"end":{"line":323,"column":36},"skip":true},"77":{"start":{"line":316,"column":12},"end":{"line":316,"column":61},"skip":true},"78":{"start":{"line":317,"column":12},"end":{"line":320,"column":13},"skip":true},"79":{"start":{"line":318,"column":16},"end":{"line":318,"column":75},"skip":true},"80":{"start":{"line":319,"column":16},"end":{"line":319,"column":23},"skip":true},"81":{"start":{"line":321,"column":12},"end":{"line":321,"column":38},"skip":true},"82":{"start":{"line":322,"column":12},"end":{"line":322,"column":27},"skip":true},"83":{"start":{"line":324,"column":8},"end":{"line":324,"column":14},"skip":true}},"branchMap":{"1":{"line":39,"type":"binary-expr","locations":[{"start":{"line":39,"column":23},"end":{"line":39,"column":62}},{"start":{"line":40,"column":20},"end":{"line":40,"column":70}},{"start":{"line":41,"column":20},"end":{"line":41,"column":71}},{"start":{"line":42,"column":20},"end":{"line":42,"column":29}}]},"2":{"line":44,"type":"binary-expr","locations":[{"start":{"line":44,"column":23},"end":{"line":44,"column":37}},{"start":{"line":45,"column":20},"end":{"line":45,"column":61}},{"start":{"line":46,"column":20},"end":{"line":46,"column":70}},{"start":{"line":47,"column":20},"end":{"line":47,"column":26}}]},"3":{"line":51,"type":"cond-expr","locations":[{"start":{"line":52,"column":14},"end":{"line":52,"column":20}},{"start":{"line":53,"column":14},"end":{"line":53,"column":20}}]},"4":{"line":55,"type":"binary-expr","locations":[{"start":{"line":55,"column":16},"end":{"line":55,"column":44}},{"start":{"line":55,"column":49},"end":{"line":57,"column":43}}]},"5":{"line":55,"type":"cond-expr","locations":[{"start":{"line":56,"column":14},"end":{"line":56,"column":63}},{"start":{"line":57,"column":14},"end":{"line":57,"column":43}}]},"6":{"line":61,"type":"switch","locations":[{"start":{"line":68,"column":4},"end":{"line":150,"column":14},"skip":true},{"start":{"line":156,"column":4},"end":{"line":324,"column":14},"skip":true}]},"7":{"line":70,"type":"if","locations":[{"start":{"line":70,"column":12},"end":{"line":70,"column":12},"skip":true},{"start":{"line":70,"column":12},"end":{"line":70,"column":12},"skip":true}]},"8":{"line":70,"type":"binary-expr","locations":[{"start":{"line":70,"column":16},"end":{"line":70,"column":22},"skip":true},{"start":{"line":70,"column":27},"end":{"line":70,"column":32},"skip":true},{"start":{"line":71,"column":20},"end":{"line":71,"column":39},"skip":true},{"start":{"line":72,"column":20},"end":{"line":72,"column":49},"skip":true},{"start":{"line":73,"column":20},"end":{"line":73,"column":58},"skip":true},{"start":{"line":74,"column":20},"end":{"line":74,"column":69},"skip":true}]},"9":{"line":79,"type":"switch","locations":[{"start":{"line":80,"column":20},"end":{"line":80,"column":33},"skip":true},{"start":{"line":81,"column":20},"end":{"line":83,"column":30},"skip":true},{"start":{"line":84,"column":20},"end":{"line":85,"column":49},"skip":true}]},"10":{"line":89,"type":"switch","locations":[{"start":{"line":90,"column":12},"end":{"line":103,"column":22},"skip":true},{"start":{"line":105,"column":12},"end":{"line":106,"column":22},"skip":true}]},"11":{"line":89,"type":"binary-expr","locations":[{"start":{"line":89,"column":20},"end":{"line":89,"column":25},"skip":true},{"start":{"line":89,"column":29},"end":{"line":89,"column":48},"skip":true},{"start":{"line":89,"column":52},"end":{"line":89,"column":74},"skip":true}]},"12":{"line":92,"type":"if","locations":[{"start":{"line":92,"column":16},"end":{"line":92,"column":16},"skip":true},{"start":{"line":92,"column":16},"end":{"line":92,"column":16},"skip":true}]},"13":{"line":108,"type":"if","locations":[{"start":{"line":108,"column":12},"end":{"line":108,"column":12},"skip":true},{"start":{"line":108,"column":12},"end":{"line":108,"column":12},"skip":true}]},"14":{"line":108,"type":"binary-expr","locations":[{"start":{"line":108,"column":16},"end":{"line":108,"column":61},"skip":true},{"start":{"line":108,"column":66},"end":{"line":108,"column":72},"skip":true},{"start":{"line":108,"column":77},"end":{"line":108,"column":82},"skip":true},{"start":{"line":109,"column":20},"end":{"line":109,"column":39},"skip":true},{"start":{"line":110,"column":20},"end":{"line":110,"column":49},"skip":true},{"start":{"line":111,"column":20},"end":{"line":111,"column":58},"skip":true},{"start":{"line":112,"column":20},"end":{"line":112,"column":68},"skip":true}]},"15":{"line":129,"type":"if","locations":[{"start":{"line":129,"column":16},"end":{"line":129,"column":16},"skip":true},{"start":{"line":129,"column":16},"end":{"line":129,"column":16},"skip":true}]},"16":{"line":134,"type":"cond-expr","locations":[{"start":{"line":135,"column":26},"end":{"line":135,"column":29},"skip":true},{"start":{"line":136,"column":26},"end":{"line":136,"column":54},"skip":true}]},"17":{"line":164,"type":"binary-expr","locations":[{"start":{"line":164,"column":27},"end":{"line":164,"column":43},"skip":true},{"start":{"line":164,"column":47},"end":{"line":164,"column":49},"skip":true}]},"18":{"line":258,"type":"if","locations":[{"start":{"line":258,"column":8},"end":{"line":258,"column":8},"skip":true},{"start":{"line":258,"column":8},"end":{"line":258,"column":8},"skip":true}]},"19":{"line":275,"type":"switch","locations":[{"start":{"line":276,"column":20},"end":{"line":277,"column":64},"skip":true},{"start":{"line":278,"column":20},"end":{"line":279,"column":40},"skip":true},{"start":{"line":280,"column":20},"end":{"line":281,"column":40},"skip":true},{"start":{"line":282,"column":20},"end":{"line":283,"column":39},"skip":true}]},"20":{"line":288,"type":"if","locations":[{"start":{"line":288,"column":8},"end":{"line":288,"column":8},"skip":true},{"start":{"line":288,"column":8},"end":{"line":288,"column":8},"skip":true}]},"21":{"line":288,"type":"binary-expr","locations":[{"start":{"line":288,"column":12},"end":{"line":288,"column":40},"skip":true},{"start":{"line":288,"column":44},"end":{"line":288,"column":67},"skip":true}]},"22":{"line":292,"type":"binary-expr","locations":[{"start":{"line":292,"column":12},"end":{"line":292,"column":50},"skip":true},{"start":{"line":293,"column":12},"end":{"line":293,"column":53},"skip":true}]},"23":{"line":297,"type":"binary-expr","locations":[{"start":{"line":297,"column":12},"end":{"line":297,"column":77},"skip":true},{"start":{"line":298,"column":12},"end":{"line":301,"column":36},"skip":true}]},"24":{"line":303,"type":"binary-expr","locations":[{"start":{"line":303,"column":43},"end":{"line":303,"column":75},"skip":true},{"start":{"line":303,"column":79},"end":{"line":303,"column":81},"skip":true}]},"25":{"line":306,"type":"if","locations":[{"start":{"line":306,"column":8},"end":{"line":306,"column":8},"skip":true},{"start":{"line":306,"column":8},"end":{"line":306,"column":8},"skip":true}]},"26":{"line":310,"type":"if","locations":[{"start":{"line":310,"column":8},"end":{"line":310,"column":8},"skip":true},{"start":{"line":310,"column":8},"end":{"line":310,"column":8},"skip":true}]},"27":{"line":313,"type":"binary-expr","locations":[{"start":{"line":313,"column":27},"end":{"line":313,"column":43},"skip":true},{"start":{"line":313,"column":47},"end":{"line":313,"column":53},"skip":true}]},"28":{"line":317,"type":"if","locations":[{"start":{"line":317,"column":12},"end":{"line":317,"column":12},"skip":true},{"start":{"line":317,"column":12},"end":{"line":317,"column":12},"skip":true}]}},"code":["/*","example.js","","quickstart example","","instruction","    1. save this script as example.js","    2. run the shell command:","        $ npm install npmtest-selenium-standalone && PORT=8081 node example.js","    3. play with the browser-demo on http://127.0.0.1:8081","*/","","","","/* istanbul instrument in package npmtest_selenium_standalone */","/*jslint","    bitwise: true,","    browser: true,","    maxerr: 8,","    maxlen: 96,","    node: true,","    nomen: true,","    regexp: true,","    stupid: true","*/","(function () {","    'use strict';","    var local;","","","","    // run shared js-env code - pre-init","    (function () {","        // init local","        local = {};","        // init modeJs","        local.modeJs = (function () {","            try {","                return typeof navigator.userAgent === 'string' &&","                    typeof document.querySelector('body') === 'object' &&","                    typeof XMLHttpRequest.prototype.open === 'function' &&","                    'browser';","            } catch (errorCaughtBrowser) {","                return module.exports &&","                    typeof process.versions.node === 'string' &&","                    typeof require('http').createServer === 'function' &&","                    'node';","            }","        }());","        // init global","        local.global = local.modeJs === 'browser'","            ? window","            : global;","        // init utility2_rollup","        local = local.global.utility2_rollup || (local.modeJs === 'browser'","            ? local.global.utility2_npmtest_selenium_standalone","            : global.utility2_moduleExports);","        // export local","        local.global.local = local;","    }());","    switch (local.modeJs) {","","","","    // post-init","    // run browser js-env code - post-init","    /* istanbul ignore next */","    case 'browser':","        local.testRunBrowser = function (event) {","            if (!event || (event &&","                    event.currentTarget &&","                    event.currentTarget.className &&","                    event.currentTarget.className.includes &&","                    event.currentTarget.className.includes('onreset'))) {","                // reset output","                Array.from(","                    document.querySelectorAll('body > .resettable')","                ).forEach(function (element) {","                    switch (element.tagName) {","                    case 'INPUT':","                    case 'TEXTAREA':","                        element.value = '';","                        break;","                    default:","                        element.textContent = '';","                    }","                });","            }","            switch (event && event.currentTarget && event.currentTarget.id) {","            case 'testRunButton1':","                // show tests","                if (document.querySelector('#testReportDiv1').style.display === 'none') {","                    document.querySelector('#testReportDiv1').style.display = 'block';","                    document.querySelector('#testRunButton1').textContent =","                        'hide internal test';","                    local.modeTest = true;","                    local.testRunDefault(local);","                // hide tests","                } else {","                    document.querySelector('#testReportDiv1').style.display = 'none';","                    document.querySelector('#testRunButton1').textContent = 'run internal test';","                }","                break;","            // custom-case","            default:","                break;","            }","            if (document.querySelector('#inputTextareaEval1') && (!event || (event &&","                    event.currentTarget &&","                    event.currentTarget.className &&","                    event.currentTarget.className.includes &&","                    event.currentTarget.className.includes('oneval')))) {","                // try to eval input-code","                try {","                    /*jslint evil: true*/","                    eval(document.querySelector('#inputTextareaEval1').value);","                } catch (errorCaught) {","                    console.error(errorCaught);","                }","            }","        };","        // log stderr and stdout to #outputTextareaStdout1","        ['error', 'log'].forEach(function (key) {","            console[key + '_original'] = console[key];","            console[key] = function () {","                var element;","                console[key + '_original'].apply(console, arguments);","                element = document.querySelector('#outputTextareaStdout1');","                if (!element) {","                    return;","                }","                // append text to #outputTextareaStdout1","                element.value += Array.from(arguments).map(function (arg) {","                    return typeof arg === 'string'","                        ? arg","                        : JSON.stringify(arg, null, 4);","                }).join(' ') + '\\n';","                // scroll textarea to bottom","                element.scrollTop = element.scrollHeight;","            };","        });","        // init event-handling","        ['change', 'click', 'keyup'].forEach(function (event) {","            Array.from(document.querySelectorAll('.on' + event)).forEach(function (element) {","                element.addEventListener(event, local.testRunBrowser);","            });","        });","        // run tests","        local.testRunBrowser();","        break;","","","","    // run node js-env code - post-init","    /* istanbul ignore next */","    case 'node':","        // export local","        module.exports = local;","        // require modules","        local.fs = require('fs');","        local.http = require('http');","        local.url = require('url');","        // init assets","        local.assetsDict = local.assetsDict || {};","        /* jslint-ignore-begin */","        local.assetsDict['/assets.index.template.html'] = '\\","<!doctype html>\\n\\","<html lang=\"en\">\\n\\","<head>\\n\\","<meta charset=\"UTF-8\">\\n\\","<meta name=\"viewport\" content=\"width=device-width, initial-scale=1\">\\n\\","<title>{{env.npm_package_name}} (v{{env.npm_package_version}})</title>\\n\\","<style>\\n\\","/*csslint\\n\\","    box-sizing: false,\\n\\","    universal-selector: false\\n\\","*/\\n\\","* {\\n\\","    box-sizing: border-box;\\n\\","}\\n\\","body {\\n\\","    background: #dde;\\n\\","    font-family: Arial, Helvetica, sans-serif;\\n\\","    margin: 2rem;\\n\\","}\\n\\","body > * {\\n\\","    margin-bottom: 1rem;\\n\\","}\\n\\",".utility2FooterDiv {\\n\\","    margin-top: 20px;\\n\\","    text-align: center;\\n\\","}\\n\\","</style>\\n\\","<style>\\n\\","/*csslint\\n\\","*/\\n\\","textarea {\\n\\","    font-family: monospace;\\n\\","    height: 10rem;\\n\\","    width: 100%;\\n\\","}\\n\\","textarea[readonly] {\\n\\","    background: #ddd;\\n\\","}\\n\\","</style>\\n\\","</head>\\n\\","<body>\\n\\","<!-- utility2-comment\\n\\","<div id=\"ajaxProgressDiv1\" style=\"background: #d00; height: 2px; left: 0; margin: 0; padding: 0; position: fixed; top: 0; transition: background 0.5s, width 1.5s; width: 25%;\"></div>\\n\\","utility2-comment -->\\n\\","<h1>\\n\\","<!-- utility2-comment\\n\\","    <a\\n\\","        {{#if env.npm_package_homepage}}\\n\\","        href=\"{{env.npm_package_homepage}}\"\\n\\","        {{/if env.npm_package_homepage}}\\n\\","        target=\"_blank\"\\n\\","    >\\n\\","utility2-comment -->\\n\\","        {{env.npm_package_name}} (v{{env.npm_package_version}})\\n\\","<!-- utility2-comment\\n\\","    </a>\\n\\","utility2-comment -->\\n\\","</h1>\\n\\","<h3>{{env.npm_package_description}}</h3>\\n\\","<!-- utility2-comment\\n\\","<h4><a download href=\"assets.app.js\">download standalone app</a></h4>\\n\\","<button class=\"onclick onreset\" id=\"testRunButton1\">run internal test</button><br>\\n\\","<div id=\"testReportDiv1\" style=\"display: none;\"></div>\\n\\","utility2-comment -->\\n\\","\\n\\","\\n\\","\\n\\","<label>stderr and stdout</label>\\n\\","<textarea class=\"resettable\" id=\"outputTextareaStdout1\" readonly></textarea>\\n\\","<!-- utility2-comment\\n\\","{{#if isRollup}}\\n\\","<script src=\"assets.app.js\"></script>\\n\\","{{#unless isRollup}}\\n\\","utility2-comment -->\\n\\","<script src=\"assets.utility2.rollup.js\"></script>\\n\\","<script src=\"jsonp.utility2._stateInit?callback=window.utility2._stateInit\"></script>\\n\\","<script src=\"assets.npmtest_selenium_standalone.rollup.js\"></script>\\n\\","<script src=\"assets.example.js\"></script>\\n\\","<script src=\"assets.test.js\"></script>\\n\\","<!-- utility2-comment\\n\\","{{/if isRollup}}\\n\\","utility2-comment -->\\n\\","<div class=\"utility2FooterDiv\">\\n\\","    [ this app was created with\\n\\","    <a href=\"https://github.com/kaizhu256/node-utility2\" target=\"_blank\">utility2</a>\\n\\","    ]\\n\\","</div>\\n\\","</body>\\n\\","</html>\\n\\","';","        /* jslint-ignore-end */","        if (local.templateRender) {","            local.assetsDict['/'] = local.templateRender(","                local.assetsDict['/assets.index.template.html'],","                {","                    env: local.objectSetDefault(local.env, {","                        npm_package_description: 'the greatest app in the world!',","                        npm_package_name: 'my-app',","                        npm_package_nameAlias: 'my_app',","                        npm_package_version: '0.0.1'","                    })","                }","            );","        } else {","            local.assetsDict['/'] = local.assetsDict['/assets.index.template.html']","                .replace((/\\{\\{env\\.(\\w+?)\\}\\}/g), function (match0, match1) {","                    // jslint-hack","                    String(match0);","                    switch (match1) {","                    case 'npm_package_description':","                        return 'the greatest app in the world!';","                    case 'npm_package_name':","                        return 'my-app';","                    case 'npm_package_nameAlias':","                        return 'my_app';","                    case 'npm_package_version':","                        return '0.0.1';","                    }","                });","        }","        // run the cli","        if (local.global.utility2_rollup || module !== require.main) {","            break;","        }","        local.assetsDict['/assets.example.js'] =","            local.assetsDict['/assets.example.js'] ||","            local.fs.readFileSync(__filename, 'utf8');","        // bug-workaround - long $npm_package_buildCustomOrg","        /* jslint-ignore-begin */","        local.assetsDict['/assets.npmtest_selenium_standalone.rollup.js'] =","            local.assetsDict['/assets.npmtest_selenium_standalone.rollup.js'] ||","            local.fs.readFileSync(","                local.npmtest_selenium_standalone.__dirname + '/lib.npmtest_selenium_standalone.js',","                'utf8'","            ).replace((/^#!/), '//');","        /* jslint-ignore-end */","        local.assetsDict['/favicon.ico'] = local.assetsDict['/favicon.ico'] || '';","        // if $npm_config_timeout_exit exists,","        // then exit this process after $npm_config_timeout_exit ms","        if (Number(process.env.npm_config_timeout_exit)) {","            setTimeout(process.exit, Number(process.env.npm_config_timeout_exit));","        }","        // start server","        if (local.global.utility2_serverHttp1) {","            break;","        }","        process.env.PORT = process.env.PORT || '8081';","        console.error('server starting on port ' + process.env.PORT);","        local.http.createServer(function (request, response) {","            request.urlParsed = local.url.parse(request.url);","            if (local.assetsDict[request.urlParsed.pathname] !== undefined) {","                response.end(local.assetsDict[request.urlParsed.pathname]);","                return;","            }","            response.statusCode = 404;","            response.end();","        }).listen(process.env.PORT);","        break;","    }","}());",""],"l":{"26":2,"28":2,"33":2,"35":2,"37":2,"38":2,"39":2,"44":1,"51":2,"55":2,"59":2,"61":2,"69":1,"70":2,"76":2,"79":2,"82":2,"83":2,"85":1,"89":2,"92":1,"93":1,"94":1,"96":1,"97":1,"100":1,"101":1,"103":1,"106":1,"108":2,"114":1,"116":1,"118":1,"123":1,"124":2,"125":2,"126":3,"127":3,"128":3,"129":3,"130":1,"133":3,"134":3,"139":3,"143":1,"144":3,"145":1,"149":1,"150":1,"158":1,"160":1,"161":1,"162":1,"164":1,"166":1,"258":1,"259":1,"271":1,"274":6,"275":6,"277":1,"279":2,"281":1,"283":2,"288":1,"289":1,"291":1,"296":1,"303":1,"306":1,"307":1,"310":1,"311":1,"313":1,"314":1,"315":1,"316":1,"317":1,"318":1,"319":1,"321":1,"322":1,"324":1}},"/home/travis/build/npmtest/node-npmtest-selenium-standalone/node_modules/selenium-standalone/index.js":{"path":"/home/travis/build/npmtest/node-npmtest-selenium-standalone/node_modules/selenium-standalone/index.js","s":{"1":1,"2":1},"b":{},"f":{},"fnMap":{},"statementMap":{"1":{"start":{"line":1,"column":0},"end":{"line":1,"column":65}},"2":{"start":{"line":3,"column":0},"end":{"line":6,"column":2}}},"branchMap":{},"code":["var debugEnvDetails = require('./lib/debug-environment-details');","","module.exports = {","  install: require('./lib/install'),","  start: require('./lib/start')","};",""],"l":{"1":1,"3":1}},"/home/travis/build/npmtest/node-npmtest-selenium-standalone/node_modules/selenium-standalone/lib/debug-environment-details.js":{"path":"/home/travis/build/npmtest/node-npmtest-selenium-standalone/node_modules/selenium-standalone/lib/debug-environment-details.js","s":{"1":1,"2":1,"3":1,"4":1,"5":1,"6":1,"7":1,"8":1},"b":{},"f":{},"fnMap":{},"statementMap":{"1":{"start":{"line":1,"column":0},"end":{"line":1,"column":23}},"2":{"start":{"line":3,"column":0},"end":{"line":3,"column":64}},"3":{"start":{"line":5,"column":0},"end":{"line":5,"column":48}},"4":{"start":{"line":6,"column":0},"end":{"line":6,"column":37}},"5":{"start":{"line":7,"column":0},"end":{"line":7,"column":35}},"6":{"start":{"line":8,"column":0},"end":{"line":8,"column":29}},"7":{"start":{"line":9,"column":0},"end":{"line":9,"column":33}},"8":{"start":{"line":10,"column":0},"end":{"line":10,"column":62}}},"branchMap":{},"code":["var os = require('os');","","var debug = require('debug')('selenium-standalone:env-details');","","debug('Platform:', os.platform(), os.release());","debug('Architecture:', process.arch);","debug('Node.js:', process.version);","debug('CWD:', process.cwd());","debug('Module Path:', __dirname);","debug('Package Version:', require('../package.json').version);",""],"l":{"1":1,"3":1,"5":1,"6":1,"7":1,"8":1,"9":1,"10":1}},"/home/travis/build/npmtest/node-npmtest-selenium-standalone/node_modules/selenium-standalone/lib/install.js":{"path":"/home/travis/build/npmtest/node-npmtest-selenium-standalone/node_modules/selenium-standalone/lib/install.js","s":{"1":1,"2":1,"3":1,"4":1,"5":1,"6":1,"7":1,"8":1,"9":1,"10":1,"11":1,"12":1,"13":1,"14":1,"15":1,"16":1,"17":0,"18":0,"19":0,"20":0,"21":0,"22":0,"23":0,"24":0,"25":0,"26":0,"27":0,"28":0,"29":0,"30":0,"31":0,"32":0,"33":0,"34":0,"35":0,"36":0,"37":0,"38":0,"39":0,"40":0,"41":0,"42":0,"43":0,"44":0,"45":0,"46":0,"47":0,"48":0,"49":0,"50":0,"51":0,"52":0,"53":0,"54":0,"55":1,"56":0,"57":0,"58":0,"59":0,"60":0,"61":0,"62":0,"63":0,"64":0,"65":1,"66":0,"67":0,"68":0,"69":0,"70":0,"71":0,"72":0,"73":0,"74":0,"75":0,"76":1,"77":0,"78":0,"79":0,"80":0,"81":1,"82":0,"83":1,"84":0,"85":1,"86":0,"87":0,"88":0,"89":1,"90":0,"91":0,"92":0,"93":0,"94":0,"95":0,"96":1,"97":0,"98":0,"99":0,"100":0,"101":0,"102":0,"103":0,"104":0,"105":0,"106":0,"107":0,"108":0,"109":0,"110":0,"111":0,"112":0,"113":0,"114":0,"115":0,"116":0,"117":0,"118":0,"119":0,"120":0,"121":0,"122":1,"123":0,"124":0,"125":0,"126":0,"127":0,"128":0,"129":1,"130":0,"131":0,"132":0,"133":0,"134":0,"135":0,"136":0,"137":0,"138":0,"139":0,"140":0,"141":1,"142":0,"143":0,"144":0,"145":0,"146":0,"147":0,"148":0,"149":0,"150":0,"151":0,"152":0,"153":0,"154":0,"155":0,"156":0,"157":0,"158":0,"159":1,"160":0,"161":0,"162":1,"163":0,"164":0,"165":0,"166":0,"167":0,"168":0,"169":0,"170":1,"171":0,"172":0,"173":0,"174":1,"175":0,"176":1,"177":0,"178":0,"179":0,"180":0,"181":0,"182":0,"183":0,"184":0,"185":0,"186":0,"187":0,"188":0,"189":0,"190":1,"191":0,"192":0,"193":0,"194":0,"195":0,"196":0,"197":0,"198":1,"199":0,"200":0,"201":0,"202":0,"203":0,"204":0,"205":0,"206":1,"207":0,"208":0,"209":0,"210":0,"211":1,"212":0,"213":0,"214":0,"215":0,"216":0,"217":0,"218":0,"219":0,"220":0,"221":0,"222":0,"223":0},"b":{"1":[0,0],"2":[0,0],"3":[0,0],"4":[0,0],"5":[0,0],"6":[0,0],"7":[0,0],"8":[0,0],"9":[0,0],"10":[0,0],"11":[0,0],"12":[0,0],"13":[0,0],"14":[0,0],"15":[0,0],"16":[0,0],"17":[0,0],"18":[0,0],"19":[0,0],"20":[0,0],"21":[0,0],"22":[0,0],"23":[0,0],"24":[0,0],"25":[0,0],"26":[0,0],"27":[0,0],"28":[0,0],"29":[0,0],"30":[0,0],"31":[0,0],"32":[0,0],"33":[0,0],"34":[0,0],"35":[0,0],"36":[0,0],"37":[0,0],"38":[0,0]},"f":{"1":0,"2":0,"3":0,"4":0,"5":0,"6":0,"7":0,"8":0,"9":0,"10":0,"11":0,"12":0,"13":0,"14":0,"15":0,"16":0,"17":0,"18":0,"19":0,"20":0,"21":0,"22":0,"23":0,"24":0,"25":0,"26":0,"27":0,"28":0,"29":0,"30":0,"31":0,"32":0,"33":0,"34":0,"35":0,"36":0,"37":0,"38":0,"39":0,"40":0,"41":0,"42":0,"43":0,"44":0,"45":0,"46":0,"47":0,"48":0,"49":0,"50":0},"fnMap":{"1":{"name":"install","line":19,"loc":{"start":{"line":19,"column":0},"end":{"line":19,"column":27}}},"2":{"name":"(anonymous_2)","line":45,"loc":{"start":{"line":45,"column":43},"end":{"line":45,"column":66}}},"3":{"name":"(anonymous_3)","line":99,"loc":{"start":{"line":99,"column":22},"end":{"line":99,"column":36}}},"4":{"name":"onlyInstallMissingFiles","line":103,"loc":{"start":{"line":103,"column":2},"end":{"line":103,"column":45}}},"5":{"name":"(anonymous_5)","line":107,"loc":{"start":{"line":107,"column":7},"end":{"line":107,"column":34}}},"6":{"name":"download","line":127,"loc":{"start":{"line":127,"column":2},"end":{"line":127,"column":30}}},"7":{"name":"(anonymous_7)","line":158,"loc":{"start":{"line":158,"column":31},"end":{"line":158,"column":47}}},"8":{"name":"installSelenium","line":165,"loc":{"start":{"line":165,"column":2},"end":{"line":165,"column":37}}},"9":{"name":"(anonymous_9)","line":166,"loc":{"start":{"line":166,"column":33},"end":{"line":166,"column":55}}},"10":{"name":"installChromeDr","line":178,"loc":{"start":{"line":178,"column":2},"end":{"line":178,"column":37}}},"11":{"name":"installIeDr","line":182,"loc":{"start":{"line":182,"column":2},"end":{"line":182,"column":33}}},"12":{"name":"installFirefoxDr","line":186,"loc":{"start":{"line":186,"column":2},"end":{"line":186,"column":38}}},"13":{"name":"installGzippedFile","line":195,"loc":{"start":{"line":195,"column":2},"end":{"line":195,"column":44}}},"14":{"name":"(anonymous_14)","line":196,"loc":{"start":{"line":196,"column":28},"end":{"line":196,"column":50}}},"15":{"name":"uncompressGzippedFile","line":209,"loc":{"start":{"line":209,"column":2},"end":{"line":209,"column":57}}},"16":{"name":"(anonymous_16)","line":213,"loc":{"start":{"line":213,"column":6},"end":{"line":213,"column":22}}},"17":{"name":"(anonymous_17)","line":226,"loc":{"start":{"line":226,"column":21},"end":{"line":226,"column":56}}},"18":{"name":"(anonymous_18)","line":235,"loc":{"start":{"line":235,"column":27},"end":{"line":235,"column":38}}},"19":{"name":"(anonymous_19)","line":240,"loc":{"start":{"line":240,"column":22},"end":{"line":240,"column":33}}},"20":{"name":"(anonymous_20)","line":248,"loc":{"start":{"line":248,"column":54},"end":{"line":248,"column":65}}},"21":{"name":"installZippedFile","line":252,"loc":{"start":{"line":252,"column":2},"end":{"line":252,"column":43}}},"22":{"name":"(anonymous_22)","line":253,"loc":{"start":{"line":253,"column":28},"end":{"line":253,"column":50}}},"23":{"name":"getDownloadStream","line":270,"loc":{"start":{"line":270,"column":2},"end":{"line":270,"column":46}}},"24":{"name":"(anonymous_24)","line":272,"loc":{"start":{"line":272,"column":22},"end":{"line":272,"column":36}}},"25":{"name":"(anonymous_25)","line":279,"loc":{"start":{"line":279,"column":23},"end":{"line":279,"column":39}}},"26":{"name":"(anonymous_26)","line":288,"loc":{"start":{"line":288,"column":21},"end":{"line":288,"column":37}}},"27":{"name":"uncompressDownloadedFile","line":296,"loc":{"start":{"line":296,"column":2},"end":{"line":296,"column":53}}},"28":{"name":"onOpenZipFile","line":302,"loc":{"start":{"line":302,"column":49},"end":{"line":302,"column":86}}},"29":{"name":"(anonymous_29)","line":308,"loc":{"start":{"line":308,"column":28},"end":{"line":308,"column":45}}},"30":{"name":"onOpenZipFileEntryReadStream","line":309,"loc":{"start":{"line":309,"column":38},"end":{"line":309,"column":93}}},"31":{"name":"onExtracted","line":319,"loc":{"start":{"line":319,"column":28},"end":{"line":319,"column":51}}},"32":{"name":"updateProgressPercentage","line":328,"loc":{"start":{"line":328,"column":2},"end":{"line":328,"column":43}}},"33":{"name":"asyncLogEnd","line":335,"loc":{"start":{"line":335,"column":0},"end":{"line":335,"column":33}}},"34":{"name":"(anonymous_34)","line":336,"loc":{"start":{"line":336,"column":15},"end":{"line":336,"column":26}}},"35":{"name":"createDirs","line":346,"loc":{"start":{"line":346,"column":0},"end":{"line":346,"column":31}}},"36":{"name":"(anonymous_36)","line":350,"loc":{"start":{"line":350,"column":11},"end":{"line":350,"column":26}}},"37":{"name":"basePath","line":361,"loc":{"start":{"line":361,"column":0},"end":{"line":361,"column":28}}},"38":{"name":"setDriverFilePermissions","line":365,"loc":{"start":{"line":365,"column":0},"end":{"line":365,"column":45}}},"39":{"name":"(anonymous_39)","line":368,"loc":{"start":{"line":368,"column":14},"end":{"line":368,"column":26}}},"40":{"name":"(anonymous_40)","line":375,"loc":{"start":{"line":375,"column":19},"end":{"line":375,"column":39}}},"41":{"name":"(anonymous_41)","line":378,"loc":{"start":{"line":378,"column":40},"end":{"line":378,"column":54}}},"42":{"name":"logInstallSummary","line":391,"loc":{"start":{"line":391,"column":0},"end":{"line":391,"column":48}}},"43":{"name":"log","line":392,"loc":{"start":{"line":392,"column":50},"end":{"line":392,"column":69}}},"44":{"name":"checksum","line":404,"loc":{"start":{"line":404,"column":0},"end":{"line":404,"column":33}}},"45":{"name":"(anonymous_45)","line":412,"loc":{"start":{"line":412,"column":20},"end":{"line":412,"column":36}}},"46":{"name":"(anonymous_46)","line":414,"loc":{"start":{"line":414,"column":15},"end":{"line":414,"column":27}}},"47":{"name":"unquote","line":419,"loc":{"start":{"line":419,"column":0},"end":{"line":419,"column":34}}},"48":{"name":"isUpToDate","line":429,"loc":{"start":{"line":429,"column":0},"end":{"line":429,"column":49}}},"49":{"name":"(anonymous_49)","line":442,"loc":{"start":{"line":442,"column":21},"end":{"line":442,"column":36}}},"50":{"name":"(anonymous_50)","line":454,"loc":{"start":{"line":454,"column":19},"end":{"line":454,"column":34}}}},"statementMap":{"1":{"start":{"line":1,"column":0},"end":{"line":1,"column":25}},"2":{"start":{"line":3,"column":0},"end":{"line":3,"column":29}},"3":{"start":{"line":4,"column":0},"end":{"line":4,"column":31}},"4":{"start":{"line":5,"column":0},"end":{"line":5,"column":60}},"5":{"start":{"line":6,"column":0},"end":{"line":6,"column":23}},"6":{"start":{"line":7,"column":0},"end":{"line":7,"column":36}},"7":{"start":{"line":8,"column":0},"end":{"line":8,"column":44}},"8":{"start":{"line":9,"column":0},"end":{"line":9,"column":31}},"9":{"start":{"line":10,"column":0},"end":{"line":10,"column":27}},"10":{"start":{"line":11,"column":0},"end":{"line":11,"column":33}},"11":{"start":{"line":12,"column":0},"end":{"line":12,"column":38}},"12":{"start":{"line":14,"column":0},"end":{"line":14,"column":61}},"13":{"start":{"line":15,"column":0},"end":{"line":15,"column":51}},"14":{"start":{"line":16,"column":0},"end":{"line":16,"column":48}},"15":{"start":{"line":17,"column":0},"end":{"line":17,"column":29}},"16":{"start":{"line":19,"column":0},"end":{"line":333,"column":1}},"17":{"start":{"line":20,"column":2},"end":{"line":20,"column":41}},"18":{"start":{"line":22,"column":2},"end":{"line":22,"column":16}},"19":{"start":{"line":23,"column":2},"end":{"line":23,"column":19}},"20":{"start":{"line":24,"column":2},"end":{"line":24,"column":26}},"21":{"start":{"line":25,"column":2},"end":{"line":25,"column":23}},"22":{"start":{"line":26,"column":2},"end":{"line":26,"column":47}},"23":{"start":{"line":28,"column":2},"end":{"line":31,"column":3}},"24":{"start":{"line":29,"column":4},"end":{"line":29,"column":14}},"25":{"start":{"line":30,"column":4},"end":{"line":30,"column":14}},"26":{"start":{"line":33,"column":2},"end":{"line":33,"column":35}},"27":{"start":{"line":35,"column":2},"end":{"line":37,"column":3}},"28":{"start":{"line":36,"column":4},"end":{"line":36,"column":41}},"29":{"start":{"line":39,"column":2},"end":{"line":41,"column":3}},"30":{"start":{"line":40,"column":4},"end":{"line":40,"column":41}},"31":{"start":{"line":43,"column":2},"end":{"line":50,"column":3}},"32":{"start":{"line":45,"column":4},"end":{"line":47,"column":7}},"33":{"start":{"line":46,"column":6},"end":{"line":46,"column":60}},"34":{"start":{"line":49,"column":4},"end":{"line":49,"column":41}},"35":{"start":{"line":52,"column":2},"end":{"line":54,"column":3}},"36":{"start":{"line":53,"column":4},"end":{"line":53,"column":27}},"37":{"start":{"line":55,"column":2},"end":{"line":55,"column":58}},"38":{"start":{"line":57,"column":2},"end":{"line":59,"column":3}},"39":{"start":{"line":58,"column":4},"end":{"line":58,"column":35}},"40":{"start":{"line":61,"column":2},"end":{"line":61,"column":44}},"41":{"start":{"line":63,"column":2},"end":{"line":63,"column":23}},"42":{"start":{"line":64,"column":2},"end":{"line":64,"column":54}},"43":{"start":{"line":65,"column":2},"end":{"line":65,"column":23}},"44":{"start":{"line":66,"column":2},"end":{"line":66,"column":13}},"45":{"start":{"line":68,"column":2},"end":{"line":72,"column":5}},"46":{"start":{"line":74,"column":2},"end":{"line":78,"column":5}},"47":{"start":{"line":80,"column":2},"end":{"line":80,"column":43}},"48":{"start":{"line":82,"column":2},"end":{"line":89,"column":4}},"49":{"start":{"line":91,"column":2},"end":{"line":93,"column":3}},"50":{"start":{"line":92,"column":4},"end":{"line":92,"column":80}},"51":{"start":{"line":95,"column":2},"end":{"line":97,"column":3}},"52":{"start":{"line":96,"column":4},"end":{"line":96,"column":81}},"53":{"start":{"line":99,"column":2},"end":{"line":101,"column":5}},"54":{"start":{"line":100,"column":4},"end":{"line":100,"column":21}},"55":{"start":{"line":103,"column":2},"end":{"line":125,"column":3}},"56":{"start":{"line":104,"column":4},"end":{"line":124,"column":7}},"57":{"start":{"line":108,"column":6},"end":{"line":110,"column":7}},"58":{"start":{"line":109,"column":8},"end":{"line":109,"column":25}},"59":{"start":{"line":113,"column":6},"end":{"line":118,"column":7}},"60":{"start":{"line":114,"column":8},"end":{"line":114,"column":22}},"61":{"start":{"line":115,"column":8},"end":{"line":115,"column":74}},"62":{"start":{"line":116,"column":8},"end":{"line":116,"column":30}},"63":{"start":{"line":117,"column":8},"end":{"line":117,"column":20}},"64":{"start":{"line":120,"column":6},"end":{"line":123,"column":13}},"65":{"start":{"line":127,"column":2},"end":{"line":163,"column":3}},"66":{"start":{"line":128,"column":4},"end":{"line":132,"column":7}},"67":{"start":{"line":134,"column":4},"end":{"line":140,"column":5}},"68":{"start":{"line":135,"column":6},"end":{"line":139,"column":9}},"69":{"start":{"line":142,"column":4},"end":{"line":148,"column":5}},"70":{"start":{"line":143,"column":6},"end":{"line":147,"column":9}},"71":{"start":{"line":150,"column":4},"end":{"line":156,"column":5}},"72":{"start":{"line":151,"column":6},"end":{"line":155,"column":8}},"73":{"start":{"line":158,"column":4},"end":{"line":160,"column":7}},"74":{"start":{"line":159,"column":6},"end":{"line":159,"column":54}},"75":{"start":{"line":162,"column":4},"end":{"line":162,"column":30}},"76":{"start":{"line":165,"column":2},"end":{"line":176,"column":3}},"77":{"start":{"line":166,"column":4},"end":{"line":175,"column":7}},"78":{"start":{"line":167,"column":6},"end":{"line":169,"column":7}},"79":{"start":{"line":168,"column":8},"end":{"line":168,"column":23}},"80":{"start":{"line":171,"column":6},"end":{"line":174,"column":28}},"81":{"start":{"line":178,"column":2},"end":{"line":180,"column":3}},"82":{"start":{"line":179,"column":4},"end":{"line":179,"column":46}},"83":{"start":{"line":182,"column":2},"end":{"line":184,"column":3}},"84":{"start":{"line":183,"column":4},"end":{"line":183,"column":46}},"85":{"start":{"line":186,"column":2},"end":{"line":193,"column":3}},"86":{"start":{"line":188,"column":4},"end":{"line":192,"column":5}},"87":{"start":{"line":189,"column":6},"end":{"line":189,"column":48}},"88":{"start":{"line":191,"column":6},"end":{"line":191,"column":49}},"89":{"start":{"line":195,"column":2},"end":{"line":207,"column":3}},"90":{"start":{"line":196,"column":4},"end":{"line":206,"column":7}},"91":{"start":{"line":197,"column":6},"end":{"line":199,"column":7}},"92":{"start":{"line":198,"column":8},"end":{"line":198,"column":23}},"93":{"start":{"line":201,"column":6},"end":{"line":202,"column":77}},"94":{"start":{"line":203,"column":6},"end":{"line":203,"column":35}},"95":{"start":{"line":205,"column":6},"end":{"line":205,"column":85}},"96":{"start":{"line":209,"column":2},"end":{"line":250,"column":3}},"97":{"start":{"line":210,"column":4},"end":{"line":210,"column":48}},"98":{"start":{"line":211,"column":4},"end":{"line":211,"column":96}},"99":{"start":{"line":212,"column":4},"end":{"line":216,"column":6}},"100":{"start":{"line":214,"column":8},"end":{"line":214,"column":70}},"101":{"start":{"line":217,"column":4},"end":{"line":218,"column":83}},"102":{"start":{"line":220,"column":4},"end":{"line":249,"column":5}},"103":{"start":{"line":221,"column":6},"end":{"line":221,"column":42}},"104":{"start":{"line":222,"column":6},"end":{"line":222,"column":40}},"105":{"start":{"line":223,"column":6},"end":{"line":223,"column":27}},"106":{"start":{"line":225,"column":6},"end":{"line":245,"column":11}},"107":{"start":{"line":227,"column":10},"end":{"line":233,"column":11}},"108":{"start":{"line":228,"column":12},"end":{"line":231,"column":13}},"109":{"start":{"line":229,"column":14},"end":{"line":229,"column":71}},"110":{"start":{"line":230,"column":14},"end":{"line":230,"column":30}},"111":{"start":{"line":232,"column":12},"end":{"line":232,"column":41}},"112":{"start":{"line":234,"column":10},"end":{"line":234,"column":35}},"113":{"start":{"line":235,"column":10},"end":{"line":237,"column":12}},"114":{"start":{"line":236,"column":12},"end":{"line":236,"column":23}},"115":{"start":{"line":238,"column":10},"end":{"line":238,"column":26}},"116":{"start":{"line":241,"column":10},"end":{"line":244,"column":11}},"117":{"start":{"line":242,"column":12},"end":{"line":242,"column":17}},"118":{"start":{"line":243,"column":12},"end":{"line":243,"column":28}},"119":{"start":{"line":246,"column":6},"end":{"line":246,"column":39}},"120":{"start":{"line":248,"column":6},"end":{"line":248,"column":76}},"121":{"start":{"line":248,"column":67},"end":{"line":248,"column":72}},"122":{"start":{"line":252,"column":2},"end":{"line":268,"column":3}},"123":{"start":{"line":253,"column":4},"end":{"line":267,"column":7}},"124":{"start":{"line":254,"column":6},"end":{"line":256,"column":7}},"125":{"start":{"line":255,"column":8},"end":{"line":255,"column":23}},"126":{"start":{"line":259,"column":6},"end":{"line":260,"column":77}},"127":{"start":{"line":261,"column":6},"end":{"line":261,"column":34}},"128":{"start":{"line":264,"column":6},"end":{"line":266,"column":8}},"129":{"start":{"line":270,"column":2},"end":{"line":294,"column":3}},"130":{"start":{"line":271,"column":4},"end":{"line":290,"column":9}},"131":{"start":{"line":273,"column":8},"end":{"line":273,"column":29}},"132":{"start":{"line":275,"column":8},"end":{"line":277,"column":9}},"133":{"start":{"line":276,"column":10},"end":{"line":276,"column":68}},"134":{"start":{"line":279,"column":8},"end":{"line":282,"column":11}},"135":{"start":{"line":280,"column":10},"end":{"line":280,"column":35}},"136":{"start":{"line":281,"column":10},"end":{"line":281,"column":49}},"137":{"start":{"line":284,"column":8},"end":{"line":284,"column":61}},"138":{"start":{"line":286,"column":8},"end":{"line":286,"column":22}},"139":{"start":{"line":289,"column":8},"end":{"line":289,"column":74}},"140":{"start":{"line":293,"column":4},"end":{"line":293,"column":12}},"141":{"start":{"line":296,"column":2},"end":{"line":326,"column":3}},"142":{"start":{"line":297,"column":4},"end":{"line":297,"column":34}},"143":{"start":{"line":299,"column":4},"end":{"line":299,"column":33}},"144":{"start":{"line":300,"column":4},"end":{"line":300,"column":95}},"145":{"start":{"line":302,"column":4},"end":{"line":325,"column":6}},"146":{"start":{"line":303,"column":6},"end":{"line":306,"column":7}},"147":{"start":{"line":304,"column":8},"end":{"line":304,"column":16}},"148":{"start":{"line":305,"column":8},"end":{"line":305,"column":15}},"149":{"start":{"line":307,"column":6},"end":{"line":307,"column":26}},"150":{"start":{"line":308,"column":6},"end":{"line":324,"column":9}},"151":{"start":{"line":309,"column":8},"end":{"line":323,"column":11}},"152":{"start":{"line":310,"column":10},"end":{"line":313,"column":11}},"153":{"start":{"line":311,"column":12},"end":{"line":311,"column":20}},"154":{"start":{"line":312,"column":12},"end":{"line":312,"column":19}},"155":{"start":{"line":314,"column":10},"end":{"line":315,"column":90}},"156":{"start":{"line":316,"column":10},"end":{"line":322,"column":15}},"157":{"start":{"line":320,"column":14},"end":{"line":320,"column":30}},"158":{"start":{"line":321,"column":14},"end":{"line":321,"column":19}},"159":{"start":{"line":328,"column":2},"end":{"line":332,"column":3}},"160":{"start":{"line":329,"column":4},"end":{"line":331,"column":5}},"161":{"start":{"line":330,"column":6},"end":{"line":330,"column":46}},"162":{"start":{"line":335,"column":0},"end":{"line":344,"column":1}},"163":{"start":{"line":336,"column":2},"end":{"line":343,"column":5}},"164":{"start":{"line":337,"column":4},"end":{"line":337,"column":15}},"165":{"start":{"line":338,"column":4},"end":{"line":338,"column":15}},"166":{"start":{"line":339,"column":4},"end":{"line":339,"column":20}},"167":{"start":{"line":340,"column":4},"end":{"line":340,"column":56}},"168":{"start":{"line":341,"column":4},"end":{"line":341,"column":20}},"169":{"start":{"line":342,"column":4},"end":{"line":342,"column":9}},"170":{"start":{"line":346,"column":0},"end":{"line":359,"column":1}},"171":{"start":{"line":347,"column":2},"end":{"line":352,"column":9}},"172":{"start":{"line":351,"column":8},"end":{"line":351,"column":39}},"173":{"start":{"line":354,"column":2},"end":{"line":358,"column":4}},"174":{"start":{"line":361,"column":0},"end":{"line":363,"column":1}},"175":{"start":{"line":362,"column":2},"end":{"line":362,"column":32}},"176":{"start":{"line":365,"column":0},"end":{"line":389,"column":1}},"177":{"start":{"line":366,"column":2},"end":{"line":366,"column":43}},"178":{"start":{"line":368,"column":2},"end":{"line":371,"column":4}},"179":{"start":{"line":369,"column":4},"end":{"line":369,"column":34}},"180":{"start":{"line":370,"column":4},"end":{"line":370,"column":32}},"181":{"start":{"line":374,"column":2},"end":{"line":388,"column":3}},"182":{"start":{"line":375,"column":4},"end":{"line":377,"column":7}},"183":{"start":{"line":376,"column":6},"end":{"line":376,"column":42}},"184":{"start":{"line":378,"column":4},"end":{"line":385,"column":18}},"185":{"start":{"line":379,"column":6},"end":{"line":384,"column":7}},"186":{"start":{"line":380,"column":8},"end":{"line":380,"column":48}},"187":{"start":{"line":381,"column":8},"end":{"line":381,"column":16}},"188":{"start":{"line":383,"column":8},"end":{"line":383,"column":20}},"189":{"start":{"line":387,"column":4},"end":{"line":387,"column":12}},"190":{"start":{"line":391,"column":0},"end":{"line":402,"column":1}},"191":{"start":{"line":392,"column":2},"end":{"line":401,"column":5}},"192":{"start":{"line":393,"column":4},"end":{"line":395,"column":5}},"193":{"start":{"line":394,"column":6},"end":{"line":394,"column":13}},"194":{"start":{"line":397,"column":4},"end":{"line":397,"column":18}},"195":{"start":{"line":398,"column":4},"end":{"line":398,"column":31}},"196":{"start":{"line":399,"column":4},"end":{"line":399,"column":34}},"197":{"start":{"line":400,"column":4},"end":{"line":400,"column":45}},"198":{"start":{"line":404,"column":0},"end":{"line":417,"column":1}},"199":{"start":{"line":405,"column":2},"end":{"line":407,"column":3}},"200":{"start":{"line":406,"column":4},"end":{"line":406,"column":26}},"201":{"start":{"line":409,"column":2},"end":{"line":409,"column":38}},"202":{"start":{"line":410,"column":2},"end":{"line":410,"column":45}},"203":{"start":{"line":412,"column":2},"end":{"line":416,"column":23}},"204":{"start":{"line":413,"column":4},"end":{"line":413,"column":30}},"205":{"start":{"line":415,"column":4},"end":{"line":415,"column":33}},"206":{"start":{"line":419,"column":0},"end":{"line":427,"column":1}},"207":{"start":{"line":420,"column":2},"end":{"line":420,"column":31}},"208":{"start":{"line":422,"column":2},"end":{"line":424,"column":3}},"209":{"start":{"line":423,"column":4},"end":{"line":423,"column":40}},"210":{"start":{"line":426,"column":2},"end":{"line":426,"column":13}},"211":{"start":{"line":429,"column":0},"end":{"line":457,"column":1}},"212":{"start":{"line":430,"column":2},"end":{"line":432,"column":3}},"213":{"start":{"line":431,"column":4},"end":{"line":431,"column":27}},"214":{"start":{"line":434,"column":2},"end":{"line":439,"column":5}},"215":{"start":{"line":441,"column":2},"end":{"line":441,"column":31}},"216":{"start":{"line":442,"column":2},"end":{"line":456,"column":5}},"217":{"start":{"line":443,"column":4},"end":{"line":443,"column":16}},"218":{"start":{"line":445,"column":4},"end":{"line":447,"column":5}},"219":{"start":{"line":446,"column":6},"end":{"line":446,"column":28}},"220":{"start":{"line":449,"column":4},"end":{"line":451,"column":5}},"221":{"start":{"line":450,"column":6},"end":{"line":450,"column":91}},"222":{"start":{"line":453,"column":4},"end":{"line":453,"column":20}},"223":{"start":{"line":455,"column":4},"end":{"line":455,"column":72}}},"branchMap":{"1":{"line":28,"type":"if","locations":[{"start":{"line":28,"column":2},"end":{"line":28,"column":2}},{"start":{"line":28,"column":2},"end":{"line":28,"column":2}}]},"2":{"line":33,"type":"binary-expr","locations":[{"start":{"line":33,"column":15},"end":{"line":33,"column":26}},{"start":{"line":33,"column":30},"end":{"line":33,"column":34}}]},"3":{"line":35,"type":"if","locations":[{"start":{"line":35,"column":2},"end":{"line":35,"column":2}},{"start":{"line":35,"column":2},"end":{"line":35,"column":2}}]},"4":{"line":39,"type":"if","locations":[{"start":{"line":39,"column":2},"end":{"line":39,"column":2}},{"start":{"line":39,"column":2},"end":{"line":39,"column":2}}]},"5":{"line":43,"type":"if","locations":[{"start":{"line":43,"column":2},"end":{"line":43,"column":2}},{"start":{"line":43,"column":2},"end":{"line":43,"column":2}}]},"6":{"line":52,"type":"if","locations":[{"start":{"line":52,"column":2},"end":{"line":52,"column":2}},{"start":{"line":52,"column":2},"end":{"line":52,"column":2}}]},"7":{"line":57,"type":"if","locations":[{"start":{"line":57,"column":2},"end":{"line":57,"column":2}},{"start":{"line":57,"column":2},"end":{"line":57,"column":2}}]},"8":{"line":61,"type":"binary-expr","locations":[{"start":{"line":61,"column":20},"end":{"line":61,"column":35}},{"start":{"line":61,"column":39},"end":{"line":61,"column":43}}]},"9":{"line":91,"type":"if","locations":[{"start":{"line":91,"column":2},"end":{"line":91,"column":2}},{"start":{"line":91,"column":2},"end":{"line":91,"column":2}}]},"10":{"line":95,"type":"if","locations":[{"start":{"line":95,"column":2},"end":{"line":95,"column":2}},{"start":{"line":95,"column":2},"end":{"line":95,"column":2}}]},"11":{"line":108,"type":"if","locations":[{"start":{"line":108,"column":6},"end":{"line":108,"column":6}},{"start":{"line":108,"column":6},"end":{"line":108,"column":6}}]},"12":{"line":113,"type":"if","locations":[{"start":{"line":113,"column":6},"end":{"line":113,"column":6}},{"start":{"line":113,"column":6},"end":{"line":113,"column":6}}]},"13":{"line":134,"type":"if","locations":[{"start":{"line":134,"column":4},"end":{"line":134,"column":4}},{"start":{"line":134,"column":4},"end":{"line":134,"column":4}}]},"14":{"line":142,"type":"if","locations":[{"start":{"line":142,"column":4},"end":{"line":142,"column":4}},{"start":{"line":142,"column":4},"end":{"line":142,"column":4}}]},"15":{"line":142,"type":"binary-expr","locations":[{"start":{"line":142,"column":8},"end":{"line":142,"column":36}},{"start":{"line":142,"column":40},"end":{"line":142,"column":55}}]},"16":{"line":150,"type":"if","locations":[{"start":{"line":150,"column":4},"end":{"line":150,"column":4}},{"start":{"line":150,"column":4},"end":{"line":150,"column":4}}]},"17":{"line":167,"type":"if","locations":[{"start":{"line":167,"column":6},"end":{"line":167,"column":6}},{"start":{"line":167,"column":6},"end":{"line":167,"column":6}}]},"18":{"line":188,"type":"if","locations":[{"start":{"line":188,"column":4},"end":{"line":188,"column":4}},{"start":{"line":188,"column":4},"end":{"line":188,"column":4}}]},"19":{"line":197,"type":"if","locations":[{"start":{"line":197,"column":6},"end":{"line":197,"column":6}},{"start":{"line":197,"column":6},"end":{"line":197,"column":6}}]},"20":{"line":220,"type":"if","locations":[{"start":{"line":220,"column":4},"end":{"line":220,"column":4}},{"start":{"line":220,"column":4},"end":{"line":220,"column":4}}]},"21":{"line":227,"type":"if","locations":[{"start":{"line":227,"column":10},"end":{"line":227,"column":10}},{"start":{"line":227,"column":10},"end":{"line":227,"column":10}}]},"22":{"line":228,"type":"if","locations":[{"start":{"line":228,"column":12},"end":{"line":228,"column":12}},{"start":{"line":228,"column":12},"end":{"line":228,"column":12}}]},"23":{"line":241,"type":"if","locations":[{"start":{"line":241,"column":10},"end":{"line":241,"column":
[...]
olumn":2}}]},"11":{"line":80,"type":"binary-expr","locations":[{"start":{"line":80,"column":6},"end":{"line":80,"column":34}},{"start":{"line":80,"column":38},"end":{"line":80,"column":48}}]},"12":{"line":86,"type":"if","locations":[{"start":{"line":86,"column":2},"end":{"line":86,"column":2}},{"start":{"line":86,"column":2},"end":{"line":86,"column":2}}]},"13":{"line":97,"type":"if","locations":[{"start":{"line":97,"column":4},"end":{"line":97,"column":4}},{"start":{"line":97,"column":4},"end":{"line":97,"column":4}}]},"14":{"line":115,"type":"if","locations":[{"start":{"line":115,"column":8},"end":{"line":115,"column":8}},{"start":{"line":115,"column":8},"end":{"line":115,"column":8}}]},"15":{"line":115,"type":"binary-expr","locations":[{"start":{"line":115,"column":12},"end":{"line":115,"column":27}},{"start":{"line":115,"column":31},"end":{"line":115,"column":46}}]},"16":{"line":116,"type":"if","locations":[{"start":{"line":116,"column":10},"end":{"line":116,"column":10}},{"start":{"line":116,"column":10},"end":{"line":116,"column":10}}]},"17":{"line":119,"type":"if","locations":[{"start":{"line":119,"column":10},"end":{"line":119,"column":10}},{"start":{"line":119,"column":10},"end":{"line":119,"column":10}}]},"18":{"line":127,"type":"if","locations":[{"start":{"line":127,"column":6},"end":{"line":127,"column":6}},{"start":{"line":127,"column":6},"end":{"line":127,"column":6}}]},"19":{"line":132,"type":"if","locations":[{"start":{"line":132,"column":6},"end":{"line":132,"column":6}},{"start":{"line":132,"column":6},"end":{"line":132,"column":6}}]},"20":{"line":141,"type":"if","locations":[{"start":{"line":141,"column":6},"end":{"line":141,"column":6}},{"start":{"line":141,"column":6},"end":{"line":141,"column":6}}]}},"code":["module.exports = start;","","var debug = require('debug')('selenium-standalone:start');","var mapValues = require('lodash').mapValues;","var merge = require('lodash').merge;","var spawn = require('child_process').spawn;","var which = require('which');","","var checkPathsExistence = require('./check-paths-existence');","var checkStarted = require('./check-started');","var computeFsPaths = require('./compute-fs-paths');","var defaultConfig = require('./default-config');","var noop = require('./noop');","","function start(opts, cb) {","  debug('Start API called with', opts);","","  if (typeof opts === 'function') {","    cb = opts;","    opts = {};","  }","","  if (!opts.javaArgs) {","    opts.javaArgs = [];","  }","","  if (!opts.seleniumArgs) {","    opts.seleniumArgs = [];","  }","","  if (!opts.version) {","    opts.version = defaultConfig.version;","  }","","  if (!opts.spawnCb) {","    opts.spawnCb = noop;","  }","","  if (opts.drivers) {","    // Merge in missing driver options for those specified","    opts.drivers = mapValues(opts.drivers, function(config, name) {","      return merge({}, defaultConfig.drivers[name], config);","    });","  } else {","    opts.drivers = defaultConfig.drivers;","  }","","  var fsPaths = computeFsPaths({","    seleniumVersion: opts.version,","    drivers: opts.drivers,","    basePath: opts.basePath","  });","","  if (typeof cb !== 'function') {","    throw new Error('You must provide a callback when starting selenium');","  }","","  // programmatic use, did not give javaPath","  if (!opts.javaPath) {","    opts.javaPath = which.sync('java');","  }","","  /* Command to run selenium is build in the following order:","      0) Java executable","      1) System level properties","      2) Jar binary","      3) Selenium specific arguments","","     Example:","       java -Dwebdriver.chrome.driver=./.selenium/chromedriver/2.27-x64-chromedriver \\","          -jar ./.selenium/selenium-server/3.0.1-server.jar \\","          -role hub","   */","  var args = [];","","  if (fsPaths.chrome) {","    args.push('-Dwebdriver.chrome.driver=' + fsPaths.chrome.installPath);","  }","","  if (process.platform === 'win32' && fsPaths.ie) {","    args.push('-Dwebdriver.ie.driver=' + fsPaths.ie.installPath);","  } else {","    delete fsPaths.ie;","  }","","  if (fsPaths.firefox) {","    args.push('-Dwebdriver.gecko.driver=' + fsPaths.firefox.installPath);","  }","","  args = args.concat(opts.javaArgs);","","  args = args.concat(['-jar', fsPaths.selenium.installPath]);","","  args = args.concat(opts.seleniumArgs);","","  checkPathsExistence(getInstallPaths(fsPaths), function(err) {","    if (err) {","      cb(err);","      return;","    }","","    var neverStarted = false;","    debug('Spawning Selenium Server process', opts.javaPath, args);","    var selenium = spawn(opts.javaPath, args, opts.spawnOptions);","","    opts.spawnCb(selenium);","","    selenium.on('exit', errorIfNeverStarted);","","    checkStarted(args, function started(err) {","      process.nextTick(function() {","        // Add empty handler to stdout and stderr so the buffers can be flushed","        // otherwise the process would eat up memory for nothing and crash","        // we add it here so that users can register their own listeners","        if (selenium.stdout && selenium.stderr) {","          if (selenium.stdout.listeners('data').length === 0) {","            selenium.stdout.on('data', noop);","          }","          if (selenium.stderr.listeners('data').length === 0) {","            selenium.stderr.on('data', noop);","          }","        }","      });","","      selenium.removeListener('exit', errorIfNeverStarted);","","      if (err) {","        cb(err);","        return;","      }","","      if (!neverStarted) {","        cb(null, selenium);","      } // else ignore, callback has already been called in errorIfNeverStarted()","    });","","    function errorIfNeverStarted(code) {","      neverStarted = true;","","      var errorMsg;","      if (code === 1) {","        errorMsg = 'Selenium server did not start.\\n';","      } else {","       errorMsg = 'Selenium exited before it could start\\n';","      }","      errorMsg += 'Another Selenium process may already be running or your java version may be out of date.\\n';","","      // TODO: Is there a way to get this info from the api?","      // 3.x requires Java 8+, 2.47.0+ requires Java 7 - 7 is also end-of-life apparently ?","      errorMsg += 'Be sure to check the official Selenium release notes for minimum required java version: https://raw.githubusercontent.com/SeleniumHQ/selenium/master/java/CHANGELOG\\n';","","      cb(new Error(errorMsg));","    }","  });","}","","function getInstallPaths(fsPaths) {","  return Object.keys(fsPaths).map(function(name) {","    return fsPaths[name].installPath;","  });","}",""],"l":{"1":1,"3":1,"4":1,"5":1,"6":1,"7":1,"9":1,"10":1,"11":1,"12":1,"13":1,"15":1,"16":0,"18":0,"19":0,"20":0,"23":0,"24":0,"27":0,"28":0,"31":0,"32":0,"35":0,"36":0,"39":0,"41":0,"42":0,"45":0,"48":0,"54":0,"55":0,"59":0,"60":0,"74":0,"76":0,"77":0,"80":0,"81":0,"83":0,"86":0,"87":0,"90":0,"92":0,"94":0,"96":0,"97":0,"98":0,"99":0,"102":0,"103":0,"104":0,"106":0,"108":0,"110":0,"111":0,"115":0,"116":0,"117":0,"119":0,"120":0,"125":0,"127":0,"128":0,"129":0,"132":0,"133":0,"137":1,"138":0,"140":0,"141":0,"142":0,"144":0,"146":0,"150":0,"152":0,"157":1,"158":0,"159":0}},"/home/travis/build/npmtest/node-npmtest-selenium-standalone/node_modules/selenium-standalone/lib/check-paths-existence.js":{"path":"/home/travis/build/npmtest/node-npmtest-selenium-standalone/node_modules/selenium-standalone/lib/check-paths-existence.js","s":{"1":1,"2":1,"3":1,"4":1,"5":0,"6":0,"7":0,"8":0,"9":0,"10":0,"11":0,"12":0,"13":0},"b":{"1":[0,0]},"f":{"1":0,"2":0,"3":0,"4":0,"5":0},"fnMap":{"1":{"name":"checkPathsExistence","line":6,"loc":{"start":{"line":6,"column":0},"end":{"line":6,"column":40}}},"2":{"name":"(anonymous_2)","line":7,"loc":{"start":{"line":7,"column":33},"end":{"line":7,"column":47}}},"3":{"name":"(anonymous_3)","line":11,"loc":{"start":{"line":11,"column":27},"end":{"line":11,"column":42}}},"4":{"name":"(anonymous_4)","line":12,"loc":{"start":{"line":12,"column":11},"end":{"line":12,"column":30}}},"5":{"name":"(anonymous_5)","line":13,"loc":{"start":{"line":13,"column":22},"end":{"line":13,"column":36}}}},"statementMap":{"1":{"start":{"line":1,"column":0},"end":{"line":1,"column":37}},"2":{"start":{"line":3,"column":0},"end":{"line":3,"column":29}},"3":{"start":{"line":4,"column":0},"end":{"line":4,"column":23}},"4":{"start":{"line":6,"column":0},"end":{"line":23,"column":1}},"5":{"start":{"line":7,"column":2},"end":{"line":9,"column":5}},"6":{"start":{"line":8,"column":4},"end":{"line":8,"column":22}},"7":{"start":{"line":11,"column":2},"end":{"line":22,"column":10}},"8":{"start":{"line":12,"column":4},"end":{"line":21,"column":6}},"9":{"start":{"line":13,"column":6},"end":{"line":20,"column":9}},"10":{"start":{"line":14,"column":8},"end":{"line":17,"column":9}},"11":{"start":{"line":15,"column":10},"end":{"line":15,"column":49}},"12":{"start":{"line":16,"column":10},"end":{"line":16,"column":17}},"13":{"start":{"line":19,"column":8},"end":{"line":19,"column":19}}},"branchMap":{"1":{"line":14,"type":"if","locations":[{"start":{"line":14,"column":8},"end":{"line":14,"column":8}},{"start":{"line":14,"column":8},"end":{"line":14,"column":8}}]}},"code":["module.exports = checkPathsExistence;","","var async = require('async');","var fs = require('fs');","","function checkPathsExistence(paths, cb) {","  paths = Object.keys(paths).map(function(key) {","    return paths[key];","  });","","  async.parallel(paths.map(function(path) {","    return function(existsCb) {","      fs.exists(path, function(res) {","        if (res === false) {","          existsCb(new Error('Missing ' + path));","          return;","        }","","        existsCb();","      });","    };","  }), cb);","}",""],"l":{"1":1,"3":1,"4":1,"6":1,"7":0,"8":0,"11":0,"12":0,"13":0,"14":0,"15":0,"16":0,"19":0}},"/home/travis/build/npmtest/node-npmtest-selenium-standalone/node_modules/selenium-standalone/lib/check-started.js":{"path":"/home/travis/build/npmtest/node-npmtest-selenium-standalone/node_modules/selenium-standalone/lib/check-started.js","s":{"1":1,"2":1,"3":1,"4":1,"5":0,"6":0,"7":0,"8":0,"9":1,"10":0,"11":0,"12":0,"13":0,"14":0,"15":0,"16":0,"17":0,"18":0,"19":0},"b":{"1":[0,0],"2":[0,0],"3":[0,0]},"f":{"1":0,"2":0,"3":0},"fnMap":{"1":{"name":"checkStarted","line":6,"loc":{"start":{"line":6,"column":0},"end":{"line":6,"column":40}}},"2":{"name":"hasStarted","line":13,"loc":{"start":{"line":13,"column":2},"end":{"line":13,"column":24}}},"3":{"name":"(anonymous_3)","line":21,"loc":{"start":{"line":21,"column":17},"end":{"line":21,"column":37}}}},"statementMap":{"1":{"start":{"line":1,"column":0},"end":{"line":1,"column":30}},"2":{"start":{"line":3,"column":0},"end":{"line":3,"column":56}},"3":{"start":{"line":4,"column":0},"end":{"line":4,"column":56}},"4":{"start":{"line":6,"column":0},"end":{"line":31,"column":1}},"5":{"start":{"line":7,"column":2},"end":{"line":7,"column":18}},"6":{"start":{"line":8,"column":2},"end":{"line":8,"column":57}},"7":{"start":{"line":10,"column":2},"end":{"line":10,"column":26}},"8":{"start":{"line":11,"column":2},"end":{"line":11,"column":45}},"9":{"start":{"line":13,"column":2},"end":{"line":28,"column":3}},"10":{"start":{"line":14,"column":4},"end":{"line":14,"column":14}},"11":{"start":{"line":16,"column":4},"end":{"line":19,"column":5}},"12":{"start":{"line":17,"column":6},"end":{"line":17,"column":53}},"13":{"start":{"line":18,"column":6},"end":{"line":18,"column":13}},"14":{"start":{"line":21,"column":4},"end":{"line":27,"column":7}},"15":{"start":{"line":22,"column":6},"end":{"line":25,"column":7}},"16":{"start":{"line":23,"column":8},"end":{"line":23,"column":46}},"17":{"start":{"line":24,"column":8},"end":{"line":24,"column":15}},"18":{"start":{"line":26,"column":6},"end":{"line":26,"column":15}},"19":{"start":{"line":30,"column":2},"end":{"line":30,"column":30}}},"branchMap":{"1":{"line":16,"type":"if","locations":[{"start":{"line":16,"column":4},"end":{"line":16,"column":4}},{"start":{"line":16,"column":4},"end":{"line":16,"column":4}}]},"2":{"line":22,"type":"if","locations":[{"start":{"line":22,"column":6},"end":{"line":22,"column":6}},{"start":{"line":22,"column":6},"end":{"line":22,"column":6}}]},"3":{"line":22,"type":"binary-expr","locations":[{"start":{"line":22,"column":10},"end":{"line":22,"column":13}},{"start":{"line":22,"column":17},"end":{"line":22,"column":39}}]}},"code":["module.exports = checkStarted;","","var request = require('request').defaults({json: true});","var statusUrl = require('./get-selenium-status-url.js');","","function checkStarted(seleniumArgs, cb) {","  var retries = 0;","  var hub = statusUrl.getSeleniumStatusUrl(seleniumArgs);","  // server has one minute to start","  var retryInterval = 200;","  var maxRetries = 60 * 1000 / retryInterval;","","  function hasStarted() {","    retries++;","","    if (retries > maxRetries) {","      cb(new Error('Unable to connect to selenium'));","      return;","    }","","    request(hub, function (err, res) {","      if (err || res.statusCode !== 200) {","        setTimeout(hasStarted, retryInterval);","        return;","      }","      cb(null);","    });","  }","","  setTimeout(hasStarted, 500);","}",""],"l":{"1":1,"3":1,"4":1,"6":1,"7":0,"8":0,"10":0,"11":0,"13":1,"14":0,"16":0,"17":0,"18":0,"21":0,"22":0,"23":0,"24":0,"26":0,"30":0}},"/home/travis/build/npmtest/node-npmtest-selenium-standalone/node_modules/selenium-standalone/lib/get-selenium-status-url.js":{"path":"/home/travis/build/npmtest/node-npmtest-selenium-standalone/node_modules/selenium-standalone/lib/get-selenium-status-url.js","s":{"1":1,"2":1,"3":1,"4":0,"5":0,"6":0,"7":0,"8":0,"9":0,"10":0,"11":0,"12":0,"13":1,"14":0,"15":0,"16":0,"17":0,"18":0,"19":0,"20":0,"21":0,"22":0,"23":0,"24":0,"25":0,"26":0,"27":0,"28":0,"29":0,"30":0,"31":0,"32":0,"33":0,"34":0,"35":0},"b":{"1":[0,0],"2":[0,0],"3":[0,0],"4":[0,0],"5":[0,0],"6":[0,0],"7":[0,0,0,0],"8":[0,0]},"f":{"1":0,"2":0},"fnMap":{"1":{"name":"(anonymous_1)","line":8,"loc":{"start":{"line":8,"column":32},"end":{"line":8,"column":55}}},"2":{"name":"(anonymous_2)","line":18,"loc":{"start":{"line":18,"column":31},"end":{"line":18,"column":54}}}},"statementMap":{"1":{"start":{"line":1,"column":0},"end":{"line":1,"column":27}},"2":{"start":{"line":2,"column":0},"end":{"line":6,"column":2}},"3":{"start":{"line":8,"column":0},"end":{"line":16,"column":1}},"4":{"start":{"line":9,"column":2},"end":{"line":9,"column":46}},"5":{"start":{"line":10,"column":2},"end":{"line":10,"column":70}},"6":{"start":{"line":12,"column":2},"end":{"line":15,"column":24}},"7":{"start":{"line":12,"column":22},"end":{"line":12,"column":54}},"8":{"start":{"line":13,"column":7},"end":{"line":15,"column":24}},"9":{"start":{"line":13,"column":27},"end":{"line":13,"column":57}},"10":{"start":{"line":14,"column":7},"end":{"line":15,"column":24}},"11":{"start":{"line":14,"column":28},"end":{"line":14,"column":59}},"12":{"start":{"line":15,"column":7},"end":{"line":15,"column":24}},"13":{"start":{"line":18,"column":0},"end":{"line":52,"column":1}},"14":{"start":{"line":19,"column":2},"end":{"line":19,"column":61}},"15":{"start":{"line":20,"column":2},"end":{"line":20,"column":46}},"16":{"start":{"line":21,"column":2},"end":{"line":21,"column":70}},"17":{"start":{"line":22,"column":2},"end":{"line":22,"column":46}},"18":{"start":{"line":23,"column":2},"end":{"line":23,"column":72}},"19":{"start":{"line":25,"column":2},"end":{"line":25,"column":44}},"20":{"start":{"line":26,"column":2},"end":{"line":26,"column":43}},"21":{"start":{"line":27,"column":2},"end":{"line":27,"column":41}},"22":{"start":{"line":29,"column":2},"end":{"line":44,"column":3}},"23":{"start":{"line":31,"column":6},"end":{"line":31,"column":27}},"24":{"start":{"line":32,"column":6},"end":{"line":32,"column":40}},"25":{"start":{"line":33,"column":6},"end":{"line":33,"column":12}},"26":{"start":{"line":35,"column":6},"end":{"line":35,"column":27}},"27":{"start":{"line":36,"column":6},"end":{"line":36,"column":39}},"28":{"start":{"line":37,"column":6},"end":{"line":37,"column":12}},"29":{"start":{"line":39,"column":6},"end":{"line":39,"column":27}},"30":{"start":{"line":40,"column":6},"end":{"line":40,"column":40}},"31":{"start":{"line":41,"column":6},"end":{"line":41,"column":12}},"32":{"start":{"line":43,"column":6},"end":{"line":43,"column":63}},"33":{"start":{"line":47,"column":2},"end":{"line":49,"column":3}},"34":{"start":{"line":48,"column":4},"end":{"line":48,"column":46}},"35":{"start":{"line":51,"column":2},"end":{"line":51,"column":30}}},"branchMap":{"1":{"line":10,"type":"cond-expr","locations":[{"start":{"line":10,"column":32},"end":{"line":10,"column":57}},{"start":{"line":10,"column":60},"end":{"line":10,"column":69}}]},"2":{"line":12,"type":"if","locations":[{"start":{"line":12,"column":2},"end":{"line":12,"column":2}},{"start":{"line":12,"column":2},"end":{"line":12,"column":2}}]},"3":{"line":13,"type":"if","locations":[{"start":{"line":13,"column":7},"end":{"line":13,"column":7}},{"start":{"line":13,"column":7},"end":{"line":13,"column":7}}]},"4":{"line":14,"type":"if","locations":[{"start":{"line":14,"column":7},"end":{"line":14,"column":7}},{"start":{"line":14,"column":7},"end":{"line":14,"column":7}}]},"5":{"line":21,"type":"cond-expr","locations":[{"start":{"line":21,"column":32},"end":{"line":21,"column":57}},{"start":{"line":21,"column":60},"end":{"line":21,"column":69}}]},"6":{"line":23,"type":"cond-expr","locations":[{"start":{"line":23,"column":32},"end":{"line":23,"column":57}},{"start":{"line":23,"column":60},"end":{"line":23,"column":71}}]},"7":{"line":29,"type":"switch","locations":[{"start":{"line":30,"column":4},"end":{"line":33,"column":12}},{"start":{"line":34,"column":4},"end":{"line":37,"column":12}},{"start":{"line":38,"column":4},"end":{"line":41,"column":12}},{"start":{"line":42,"column":4},"end":{"line":43,"column":63}}]},"8":{"line":47,"type":"if","locations":[{"start":{"line":47,"column":2},"end":{"line":47,"column":2}},{"start":{"line":47,"column":2},"end":{"line":47,"column":2}}]}},"code":["var URI = require('urijs');","var PROCESS_TYPES = exports.PROCESS_TYPES = {","  STANDALONE: 0,","  GRID_HUB: 1,","  GRID_NODE: 2","};","","exports.getRunningProcessType = function(seleniumArgs) {","  var roleArg = seleniumArgs.indexOf('-role');","  var role = (roleArg !== -1) ? seleniumArgs[roleArg + 1] : undefined;","","  if (roleArg === -1) return PROCESS_TYPES.STANDALONE;","  else if (role === 'hub') return PROCESS_TYPES.GRID_HUB;","  else if (role === 'node') return PROCESS_TYPES.GRID_NODE;","  else return undefined;","}","","exports.getSeleniumStatusUrl = function(seleniumArgs) {","  var processType = this.getRunningProcessType(seleniumArgs);","  var portArg = seleniumArgs.indexOf('-port');","  var port = (portArg !== -1) ? seleniumArgs[portArg + 1] : undefined;","  var hostArg = seleniumArgs.indexOf('-host');","  var host = (hostArg !== -1) ? seleniumArgs[hostArg + 1] : 'localhost';","","  var statusURI = new URI('http://' + host);","  var nodeStatusAPIPath = '/wd/hub/status';","  var hubStatusAPIPath = '/grid/api/hub';","","  switch (processType) {","    case PROCESS_TYPES.STANDALONE:","      statusURI.port(4444);","      statusURI.path(nodeStatusAPIPath);","      break;","    case PROCESS_TYPES.GRID_HUB:","      statusURI.port(4444);","      statusURI.path(hubStatusAPIPath);","      break;","    case PROCESS_TYPES.GRID_NODE:","      statusURI.port(5555);","      statusURI.path(nodeStatusAPIPath);","      break;","    default:","      throw 'ERROR: Trying to run selenium in an unknown way.';","  }","","  // Running with a non-default port","  if (portArg !== -1) {","    statusURI.port(seleniumArgs[portArg + 1]);","  }","","  return statusURI.toString();","}",""],"l":{"1":1,"2":1,"8":1,"9":0,"10":0,"12":0,"13":0,"14":0,"15":0,"18":1,"19":0,"20":0,"21":0,"22":0,"23":0,"25":0,"26":0,"27":0,"29":0,"31":0,"32":0,"33":0,"35":0,"36":0,"37":0,"39":0,"40":0,"41":0,"43":0,"47":0,"48":0,"51":0}}}